
Gurobi 11.0.1 (mac64[arm], gurobi_cl) logging started Mon Apr  1 15:00:18 2024

Set parameter LogFile to value "gurobi.log"
Using license file /Users/danialriaz/miniforge3/envs/pypsa-eur/lib/gurobi.lic
Restricted license - for non-production use only - expires 2025-11-24

Gurobi 11.0.1 (mac64[arm], gurobi_cl) logging started Mon Apr  1 15:00:59 2024

Set parameter LogFile to value "gurobi.log"
Using license file /Users/danialriaz/miniforge3/envs/pypsa-eur/lib/gurobi.lic
Restricted license - for non-production use only - expires 2025-11-24

Gurobi 11.0.1 (mac64[arm], gurobi_cl) logging started Mon Apr  1 15:02:40 2024

Set parameter LogFile to value "gurobi.log"
Using license file /Users/danialriaz/miniforge3/envs/pypsa-eur/lib/gurobi.lic
Restricted license - for non-production use only - expires 2025-11-24

Gurobi 11.0.1 (mac64[arm], gurobi_cl) logging started Mon Apr  1 15:02:42 2024

Set parameter LogFile to value "gurobi.log"
Using license file /Users/danialriaz/miniforge3/envs/pypsa-eur/lib/gurobi.lic
Restricted license - for non-production use only - expires 2025-11-24

Gurobi 11.0.1 (mac64[arm], gurobi_cl) logging started Mon Apr  1 15:24:24 2024

Set parameter LogFile to value "gurobi.log"
Using license file /Users/danialriaz/miniforge3/envs/pypsa-eur/lib/gurobi.lic
Restricted license - for non-production use only - expires 2025-11-24

Gurobi 11.0.1 (mac64[arm], gurobi_cl) logging started Mon Apr  1 15:24:57 2024

Set parameter LogFile to value "gurobi.log"
Using license file /Users/danialriaz/miniforge3/envs/pypsa-eur/lib/gurobi.lic
Restricted license - for non-production use only - expires 2025-11-24

Gurobi 11.0.1 (mac64[arm], gurobi_cl) logging started Mon Apr  1 15:24:58 2024

Set parameter LogFile to value "gurobi.log"
Using license file /Users/danialriaz/miniforge3/envs/pypsa-eur/lib/gurobi.lic
Restricted license - for non-production use only - expires 2025-11-24

Gurobi 11.0.1 (mac64[arm], gurobi_cl) logging started Mon Apr  1 15:27:42 2024

Set parameter LogFile to value "gurobi.log"
Using license file /Users/danialriaz/miniforge3/envs/pypsa-eur/lib/gurobi.lic
Restricted license - for non-production use only - expires 2025-11-24

Gurobi 11.0.1 (mac64[arm], gurobi_cl) logging started Mon Apr  1 15:27:44 2024

Set parameter LogFile to value "gurobi.log"
Using license file /Users/danialriaz/miniforge3/envs/pypsa-eur/lib/gurobi.lic
Restricted license - for non-production use only - expires 2025-11-24

Gurobi 11.0.1 (mac64[arm], gurobi_cl) logging started Mon Apr  1 19:16:18 2024

Set parameter LogFile to value "gurobi.log"
Using license file /Users/danialriaz/miniforge3/envs/pypsa-eur/lib/gurobi.lic
Restricted license - for non-production use only - expires 2025-11-24

Gurobi 11.0.1 (mac64[arm], gurobi_cl) logging started Mon Apr  1 19:16:20 2024

Set parameter LogFile to value "gurobi.log"
Using license file /Users/danialriaz/miniforge3/envs/pypsa-eur/lib/gurobi.lic
Restricted license - for non-production use only - expires 2025-11-24

Gurobi 11.0.1 (mac64[arm], gurobi_cl) logging started Mon Apr  1 19:19:47 2024

Set parameter LogFile to value "gurobi.log"
Using license file /Users/danialriaz/miniforge3/envs/pypsa-eur/lib/gurobi.lic
Restricted license - for non-production use only - expires 2025-11-24

Gurobi 11.0.1 (mac64[arm], gurobi_cl) logging started Mon Apr  1 19:19:49 2024

Set parameter LogFile to value "gurobi.log"
Using license file /Users/danialriaz/miniforge3/envs/pypsa-eur/lib/gurobi.lic
Restricted license - for non-production use only - expires 2025-11-24

Gurobi 11.0.1 (mac64[arm], gurobi_cl) logging started Mon Apr  1 19:25:32 2024

Set parameter LogFile to value "gurobi.log"
Using license file /Users/danialriaz/miniforge3/envs/pypsa-eur/lib/gurobi.lic
Restricted license - for non-production use only - expires 2025-11-24

Gurobi 11.0.1 (mac64[arm], gurobi_cl) logging started Mon Apr  1 19:25:34 2024

Set parameter LogFile to value "gurobi.log"
Using license file /Users/danialriaz/miniforge3/envs/pypsa-eur/lib/gurobi.lic
Restricted license - for non-production use only - expires 2025-11-24

Gurobi 11.0.1 (mac64[arm], gurobi_cl) logging started Mon Apr  1 19:29:55 2024

Set parameter LogFile to value "gurobi.log"
Using license file /Users/danialriaz/miniforge3/envs/pypsa-eur/lib/gurobi.lic
Restricted license - for non-production use only - expires 2025-11-24

Gurobi 11.0.1 (mac64[arm], gurobi_cl) logging started Mon Apr  1 19:29:57 2024

Set parameter LogFile to value "gurobi.log"
Using license file /Users/danialriaz/miniforge3/envs/pypsa-eur/lib/gurobi.lic
Restricted license - for non-production use only - expires 2025-11-24

Gurobi 11.0.1 (mac64[arm], gurobi_cl) logging started Wed Apr  3 14:35:11 2024

Set parameter LogFile to value "gurobi.log"
Using license file /Users/danialriaz/miniforge3/envs/pypsa-eur/lib/gurobi.lic
Restricted license - for non-production use only - expires 2025-11-24

Gurobi 11.0.1 (mac64[arm], gurobi_cl) logging started Wed Apr  3 14:35:13 2024

Set parameter LogFile to value "gurobi.log"
Using license file /Users/danialriaz/miniforge3/envs/pypsa-eur/lib/gurobi.lic
Restricted license - for non-production use only - expires 2025-11-24

Gurobi 11.0.1 (mac64[arm], gurobi_cl) logging started Thu Apr  4 23:23:11 2024

Set parameter LogFile to value "gurobi.log"
Using license file /Users/danialriaz/miniforge3/envs/pypsa-eur/lib/gurobi.lic
Restricted license - for non-production use only - expires 2025-11-24

Gurobi 11.0.1 (mac64[arm], gurobi_cl) logging started Thu Apr  4 23:24:45 2024

Set parameter LogFile to value "gurobi.log"
Using license file /Users/danialriaz/miniforge3/envs/pypsa-eur/lib/gurobi.lic
Restricted license - for non-production use only - expires 2025-11-24

Gurobi 11.0.1 (mac64[arm], gurobi_cl) logging started Fri Apr  5 01:49:05 2024

Set parameter LogFile to value "gurobi.log"
Using license file /Users/danialriaz/miniforge3/envs/pypsa-eur/lib/gurobi.lic
Restricted license - for non-production use only - expires 2025-11-24

Gurobi 11.0.1 (mac64[arm], gurobi_cl) logging started Fri Apr  5 01:49:08 2024

Set parameter LogFile to value "gurobi.log"
Using license file /Users/danialriaz/miniforge3/envs/pypsa-eur/lib/gurobi.lic
Restricted license - for non-production use only - expires 2025-11-24

Gurobi 11.0.1 (mac64[arm], gurobi_cl) logging started Fri Apr  5 01:53:06 2024

Set parameter LogFile to value "gurobi.log"
Using license file /Users/danialriaz/miniforge3/envs/pypsa-eur/lib/gurobi.lic
Restricted license - for non-production use only - expires 2025-11-24

Gurobi 11.0.1 (mac64[arm], gurobi_cl) logging started Fri Apr  5 01:53:17 2024

Set parameter LogFile to value "gurobi.log"
Using license file /Users/danialriaz/miniforge3/envs/pypsa-eur/lib/gurobi.lic
Restricted license - for non-production use only - expires 2025-11-24

Gurobi 11.0.1 (mac64[arm], gurobi_cl) logging started Fri Apr  5 01:53:19 2024

Set parameter LogFile to value "gurobi.log"
Using license file /Users/danialriaz/miniforge3/envs/pypsa-eur/lib/gurobi.lic
Restricted license - for non-production use only - expires 2025-11-24

Gurobi 11.0.1 (mac64[arm], gurobi_cl) logging started Fri Apr  5 17:26:17 2024

Set parameter LogFile to value "gurobi.log"
Using license file /Users/danialriaz/miniforge3/envs/pypsa-eur/lib/gurobi.lic
Restricted license - for non-production use only - expires 2025-11-24

Gurobi 11.0.1 (mac64[arm], gurobi_cl) logging started Fri Apr  5 17:27:13 2024

Set parameter LogFile to value "gurobi.log"
Using license file /Users/danialriaz/miniforge3/envs/pypsa-eur/lib/gurobi.lic
Restricted license - for non-production use only - expires 2025-11-24

Gurobi 11.0.1 (mac64[arm], gurobi_cl) logging started Fri Apr  5 22:52:04 2024

Set parameter LogFile to value "gurobi.log"
Using license file /Users/danialriaz/miniforge3/envs/pypsa-eur/lib/gurobi.lic
Restricted license - for non-production use only - expires 2025-11-24

Gurobi 11.0.1 (mac64[arm], gurobi_cl) logging started Fri Apr  5 22:52:09 2024

Set parameter LogFile to value "gurobi.log"
Using license file /Users/danialriaz/miniforge3/envs/pypsa-eur/lib/gurobi.lic
Restricted license - for non-production use only - expires 2025-11-24

Gurobi 11.0.1 (mac64[arm], gurobi_cl) logging started Fri Apr  5 22:54:20 2024

Set parameter LogFile to value "gurobi.log"
Using license file /Users/danialriaz/miniforge3/envs/pypsa-eur/lib/gurobi.lic
Restricted license - for non-production use only - expires 2025-11-24

Gurobi 11.0.1 (mac64[arm], gurobi_cl) logging started Fri Apr  5 22:54:21 2024

Set parameter LogFile to value "gurobi.log"
Using license file /Users/danialriaz/miniforge3/envs/pypsa-eur/lib/gurobi.lic
Restricted license - for non-production use only - expires 2025-11-24

Gurobi 11.0.1 (mac64[arm], gurobi_cl) logging started Fri Apr  5 23:00:05 2024

Set parameter LogFile to value "gurobi.log"
Using license file /Users/danialriaz/miniforge3/envs/pypsa-eur/lib/gurobi.lic
Restricted license - for non-production use only - expires 2025-11-24

Gurobi 11.0.1 (mac64[arm], gurobi_cl) logging started Fri Apr  5 23:00:06 2024

Set parameter LogFile to value "gurobi.log"
Using license file /Users/danialriaz/miniforge3/envs/pypsa-eur/lib/gurobi.lic
Restricted license - for non-production use only - expires 2025-11-24

Gurobi 11.0.1 (mac64[arm], gurobi_cl) logging started Fri Apr  5 23:01:43 2024

Set parameter LogFile to value "gurobi.log"
Using license file /Users/danialriaz/miniforge3/envs/pypsa-eur/lib/gurobi.lic
Restricted license - for non-production use only - expires 2025-11-24

Gurobi 11.0.1 (mac64[arm], gurobi_cl) logging started Fri Apr  5 23:01:45 2024

Set parameter LogFile to value "gurobi.log"
Using license file /Users/danialriaz/miniforge3/envs/pypsa-eur/lib/gurobi.lic
Restricted license - for non-production use only - expires 2025-11-24

Gurobi 11.0.1 (mac64[arm], gurobi_cl) logging started Fri Apr  5 23:06:17 2024

Set parameter LogFile to value "gurobi.log"
Using license file /Users/danialriaz/miniforge3/envs/pypsa-eur/lib/gurobi.lic
Restricted license - for non-production use only - expires 2025-11-24

Gurobi 11.0.1 (mac64[arm], gurobi_cl) logging started Fri Apr  5 23:06:19 2024

Set parameter LogFile to value "gurobi.log"
Using license file /Users/danialriaz/miniforge3/envs/pypsa-eur/lib/gurobi.lic
Restricted license - for non-production use only - expires 2025-11-24

Gurobi 11.0.1 (mac64[arm], gurobi_cl) logging started Fri Apr  5 23:08:33 2024

Set parameter LogFile to value "gurobi.log"
Using license file /Users/danialriaz/miniforge3/envs/pypsa-eur/lib/gurobi.lic
Restricted license - for non-production use only - expires 2025-11-24

Gurobi 11.0.1 (mac64[arm], gurobi_cl) logging started Fri Apr  5 23:08:35 2024

Set parameter LogFile to value "gurobi.log"
Using license file /Users/danialriaz/miniforge3/envs/pypsa-eur/lib/gurobi.lic
Restricted license - for non-production use only - expires 2025-11-24

Gurobi 11.0.1 (mac64[arm], gurobi_cl) logging started Fri Apr  5 23:09:57 2024

Set parameter LogFile to value "gurobi.log"
Using license file /Users/danialriaz/miniforge3/envs/pypsa-eur/lib/gurobi.lic
Restricted license - for non-production use only - expires 2025-11-24

Gurobi 11.0.1 (mac64[arm], gurobi_cl) logging started Fri Apr  5 23:09:58 2024

Set parameter LogFile to value "gurobi.log"
Using license file /Users/danialriaz/miniforge3/envs/pypsa-eur/lib/gurobi.lic
Restricted license - for non-production use only - expires 2025-11-24

Gurobi 11.0.1 (mac64[arm], gurobi_cl) logging started Mon Apr  8 22:53:57 2024

Set parameter LogFile to value "gurobi.log"
Using license file /Users/danialriaz/miniforge3/envs/pypsa-eur/lib/gurobi.lic
Restricted license - for non-production use only - expires 2025-11-24

Gurobi 11.0.1 (mac64[arm], gurobi_cl) logging started Mon Apr  8 22:53:59 2024

Set parameter LogFile to value "gurobi.log"
Using license file /Users/danialriaz/miniforge3/envs/pypsa-eur/lib/gurobi.lic
Restricted license - for non-production use only - expires 2025-11-24

Gurobi 11.0.1 (mac64[arm], gurobi_cl) logging started Tue Apr  9 00:09:24 2024

Set parameter LogFile to value "gurobi.log"
Using license file /Users/danialriaz/miniforge3/envs/pypsa-eur/lib/gurobi.lic
Restricted license - for non-production use only - expires 2025-11-24

Gurobi 11.0.1 (mac64[arm], gurobi_cl) logging started Tue Apr  9 00:09:27 2024

Set parameter LogFile to value "gurobi.log"
Using license file /Users/danialriaz/miniforge3/envs/pypsa-eur/lib/gurobi.lic
Restricted license - for non-production use only - expires 2025-11-24

Gurobi 11.0.1 (mac64[arm], gurobi_cl) logging started Tue Apr  9 00:37:57 2024

Set parameter LogFile to value "gurobi.log"
Using license file /Users/danialriaz/miniforge3/envs/pypsa-eur/lib/gurobi.lic
Restricted license - for non-production use only - expires 2025-11-24

Gurobi 11.0.1 (mac64[arm], gurobi_cl) logging started Tue Apr  9 00:37:59 2024

Set parameter LogFile to value "gurobi.log"
Using license file /Users/danialriaz/miniforge3/envs/pypsa-eur/lib/gurobi.lic
Restricted license - for non-production use only - expires 2025-11-24

Gurobi 11.0.1 (mac64[arm], gurobi_cl) logging started Tue Apr  9 00:45:42 2024

Set parameter LogFile to value "gurobi.log"
Using license file /Users/danialriaz/miniforge3/envs/pypsa-eur/lib/gurobi.lic
Restricted license - for non-production use only - expires 2025-11-24

Gurobi 11.0.1 (mac64[arm], gurobi_cl) logging started Tue Apr  9 00:45:44 2024

Set parameter LogFile to value "gurobi.log"
Using license file /Users/danialriaz/miniforge3/envs/pypsa-eur/lib/gurobi.lic
Restricted license - for non-production use only - expires 2025-11-24

Gurobi 11.0.1 (mac64[arm], gurobi_cl) logging started Tue Apr  9 00:52:34 2024

Set parameter LogFile to value "gurobi.log"
Using license file /Users/danialriaz/miniforge3/envs/pypsa-eur/lib/gurobi.lic
Restricted license - for non-production use only - expires 2025-11-24

Gurobi 11.0.1 (mac64[arm], gurobi_cl) logging started Tue Apr  9 00:52:36 2024

Set parameter LogFile to value "gurobi.log"
Using license file /Users/danialriaz/miniforge3/envs/pypsa-eur/lib/gurobi.lic
Restricted license - for non-production use only - expires 2025-11-24

Gurobi 11.0.1 (mac64[arm], gurobi_cl) logging started Tue Apr  9 01:39:26 2024

Set parameter LogFile to value "gurobi.log"
Using license file /Users/danialriaz/miniforge3/envs/pypsa-eur/lib/gurobi.lic
Restricted license - for non-production use only - expires 2025-11-24

Gurobi 11.0.1 (mac64[arm], gurobi_cl) logging started Tue Apr  9 01:39:28 2024

Set parameter LogFile to value "gurobi.log"
Using license file /Users/danialriaz/miniforge3/envs/pypsa-eur/lib/gurobi.lic
Restricted license - for non-production use only - expires 2025-11-24

Gurobi 11.0.1 (mac64[arm], gurobi_cl) logging started Tue Apr  9 13:29:29 2024

Set parameter LogFile to value "gurobi.log"
Using license file /Users/danialriaz/miniforge3/envs/pypsa-eur/lib/gurobi.lic
Restricted license - for non-production use only - expires 2025-11-24

Gurobi 11.0.1 (mac64[arm], gurobi_cl) logging started Tue Apr  9 16:59:10 2024

Set parameter LogFile to value "gurobi.log"
Using license file /Users/danialriaz/miniforge3/envs/pypsa-eur/lib/gurobi.lic
Restricted license - for non-production use only - expires 2025-11-24

Gurobi 11.0.1 (mac64[arm], gurobi_cl) logging started Tue Apr  9 17:03:49 2024

Set parameter LogFile to value "gurobi.log"
Using license file /Users/danialriaz/miniforge3/envs/pypsa-eur/lib/gurobi.lic
Restricted license - for non-production use only - expires 2025-11-24

Gurobi 11.0.1 (mac64[arm], gurobi_cl) logging started Tue Apr  9 17:39:34 2024

Set parameter LogFile to value "gurobi.log"
Using license file /Users/danialriaz/miniforge3/envs/pypsa-eur/lib/gurobi.lic
Restricted license - for non-production use only - expires 2025-11-24

Gurobi 11.0.1 (mac64[arm], gurobi_cl) logging started Tue Apr  9 17:39:36 2024

Set parameter LogFile to value "gurobi.log"
Using license file /Users/danialriaz/miniforge3/envs/pypsa-eur/lib/gurobi.lic
Restricted license - for non-production use only - expires 2025-11-24

Gurobi 11.0.1 (mac64[arm], gurobi_cl) logging started Tue Apr  9 17:52:21 2024

Set parameter LogFile to value "gurobi.log"
Using license file /Users/danialriaz/miniforge3/envs/pypsa-eur/lib/gurobi.lic
Restricted license - for non-production use only - expires 2025-11-24

Gurobi 11.0.1 (mac64[arm], gurobi_cl) logging started Tue Apr  9 17:52:24 2024

Set parameter LogFile to value "gurobi.log"
Using license file /Users/danialriaz/miniforge3/envs/pypsa-eur/lib/gurobi.lic
Restricted license - for non-production use only - expires 2025-11-24

Gurobi 11.0.1 (mac64[arm], gurobi_cl) logging started Tue Apr  9 18:02:34 2024

Set parameter LogFile to value "gurobi.log"
Using license file /Users/danialriaz/miniforge3/envs/pypsa-eur/lib/gurobi.lic
Restricted license - for non-production use only - expires 2025-11-24

Gurobi 11.0.1 (mac64[arm], gurobi_cl) logging started Tue Apr  9 18:02:36 2024

Set parameter LogFile to value "gurobi.log"
Using license file /Users/danialriaz/miniforge3/envs/pypsa-eur/lib/gurobi.lic
Restricted license - for non-production use only - expires 2025-11-24

Gurobi 11.0.1 (mac64[arm], gurobi_cl) logging started Tue Apr  9 20:57:38 2024

Set parameter LogFile to value "gurobi.log"
Using license file /Users/danialriaz/miniforge3/envs/pypsa-eur/lib/gurobi.lic
Restricted license - for non-production use only - expires 2025-11-24

Gurobi 11.0.1 (mac64[arm], gurobi_cl) logging started Tue Apr  9 20:57:40 2024

Set parameter LogFile to value "gurobi.log"
Using license file /Users/danialriaz/miniforge3/envs/pypsa-eur/lib/gurobi.lic
Restricted license - for non-production use only - expires 2025-11-24

Gurobi 11.0.1 (mac64[arm], gurobi_cl) logging started Thu Apr 11 17:26:14 2024

Set parameter LogFile to value "gurobi.log"
Using license file /Users/danialriaz/miniforge3/envs/pypsa-eur/lib/gurobi.lic
Restricted license - for non-production use only - expires 2025-11-24

Gurobi 11.0.1 (mac64[arm], gurobi_cl) logging started Thu Apr 11 17:26:22 2024

Set parameter LogFile to value "gurobi.log"
Using license file /Users/danialriaz/miniforge3/envs/pypsa-eur/lib/gurobi.lic
Restricted license - for non-production use only - expires 2025-11-24

Gurobi 11.0.1 (mac64[arm], gurobi_cl) logging started Thu Apr 11 17:27:58 2024

Set parameter LogFile to value "gurobi.log"
Using license file /Users/danialriaz/miniforge3/envs/pypsa-eur/lib/gurobi.lic
Restricted license - for non-production use only - expires 2025-11-24

Gurobi 11.0.1 (mac64[arm], gurobi_cl) logging started Thu Apr 11 17:28:00 2024

Set parameter LogFile to value "gurobi.log"
Using license file /Users/danialriaz/miniforge3/envs/pypsa-eur/lib/gurobi.lic
Restricted license - for non-production use only - expires 2025-11-24

Gurobi 11.0.1 (mac64[arm], gurobi_cl) logging started Thu Apr 11 17:35:07 2024

Set parameter LogFile to value "gurobi.log"
Using license file /Users/danialriaz/miniforge3/envs/pypsa-eur/lib/gurobi.lic
Restricted license - for non-production use only - expires 2025-11-24

Gurobi 11.0.1 (mac64[arm], gurobi_cl) logging started Thu Apr 11 17:35:13 2024

Set parameter LogFile to value "gurobi.log"
Using license file /Users/danialriaz/miniforge3/envs/pypsa-eur/lib/gurobi.lic
Restricted license - for non-production use only - expires 2025-11-24

Gurobi 11.0.1 (mac64[arm], gurobi_cl) logging started Thu Apr 11 19:54:21 2024

Set parameter LogFile to value "gurobi.log"
Using license file /Users/danialriaz/miniforge3/envs/pypsa-eur/lib/gurobi.lic
Restricted license - for non-production use only - expires 2025-11-24

Gurobi 11.0.1 (mac64[arm], gurobi_cl) logging started Thu Apr 11 19:54:28 2024

Set parameter LogFile to value "gurobi.log"
Using license file /Users/danialriaz/miniforge3/envs/pypsa-eur/lib/gurobi.lic
Restricted license - for non-production use only - expires 2025-11-24

Gurobi 11.0.1 (mac64[arm], gurobi_cl) logging started Thu Apr 11 20:01:37 2024

Set parameter LogFile to value "gurobi.log"
Using license file /Users/danialriaz/miniforge3/envs/pypsa-eur/lib/gurobi.lic
Restricted license - for non-production use only - expires 2025-11-24

Gurobi 11.0.1 (mac64[arm], gurobi_cl) logging started Thu Apr 11 20:01:38 2024

Set parameter LogFile to value "gurobi.log"
Using license file /Users/danialriaz/miniforge3/envs/pypsa-eur/lib/gurobi.lic
Restricted license - for non-production use only - expires 2025-11-24

Gurobi 11.0.1 (mac64[arm], gurobi_cl) logging started Thu Apr 11 23:56:12 2024

Set parameter LogFile to value "gurobi.log"
Using license file /Users/danialriaz/miniforge3/envs/pypsa-eur/lib/gurobi.lic
Restricted license - for non-production use only - expires 2025-11-24

Gurobi 11.0.1 (mac64[arm], gurobi_cl) logging started Thu Apr 11 23:56:14 2024

Set parameter LogFile to value "gurobi.log"
Using license file /Users/danialriaz/miniforge3/envs/pypsa-eur/lib/gurobi.lic
Restricted license - for non-production use only - expires 2025-11-24

Gurobi 11.0.1 (mac64[arm], gurobi_cl) logging started Fri Apr 12 00:00:39 2024

Set parameter LogFile to value "gurobi.log"
Using license file /Users/danialriaz/miniforge3/envs/pypsa-eur/lib/gurobi.lic
Restricted license - for non-production use only - expires 2025-11-24

Gurobi 11.0.1 (mac64[arm], gurobi_cl) logging started Fri Apr 12 00:00:41 2024

Set parameter LogFile to value "gurobi.log"
Using license file /Users/danialriaz/miniforge3/envs/pypsa-eur/lib/gurobi.lic
Restricted license - for non-production use only - expires 2025-11-24

Gurobi 11.0.1 (mac64[arm], gurobi_cl) logging started Fri Apr 12 09:44:33 2024

Set parameter LogFile to value "gurobi.log"
Using license file /Users/danialriaz/miniforge3/envs/pypsa-eur/lib/gurobi.lic
Restricted license - for non-production use only - expires 2025-11-24

Gurobi 11.0.1 (mac64[arm], gurobi_cl) logging started Fri Apr 12 09:44:35 2024

Set parameter LogFile to value "gurobi.log"
Using license file /Users/danialriaz/miniforge3/envs/pypsa-eur/lib/gurobi.lic
Restricted license - for non-production use only - expires 2025-11-24

Gurobi 11.0.1 (mac64[arm], gurobi_cl) logging started Fri Apr 12 09:46:20 2024

Set parameter LogFile to value "gurobi.log"
Using license file /Users/danialriaz/miniforge3/envs/pypsa-eur/lib/gurobi.lic
Restricted license - for non-production use only - expires 2025-11-24

Gurobi 11.0.1 (mac64[arm], gurobi_cl) logging started Fri Apr 12 09:46:22 2024

Set parameter LogFile to value "gurobi.log"
Using license file /Users/danialriaz/miniforge3/envs/pypsa-eur/lib/gurobi.lic
Restricted license - for non-production use only - expires 2025-11-24

Gurobi 11.0.1 (mac64[arm], gurobi_cl) logging started Fri Apr 12 09:50:37 2024

Set parameter LogFile to value "gurobi.log"
Using license file /Users/danialriaz/miniforge3/envs/pypsa-eur/lib/gurobi.lic
Restricted license - for non-production use only - expires 2025-11-24

Gurobi 11.0.1 (mac64[arm], gurobi_cl) logging started Fri Apr 12 09:50:39 2024

Set parameter LogFile to value "gurobi.log"
Using license file /Users/danialriaz/miniforge3/envs/pypsa-eur/lib/gurobi.lic
Restricted license - for non-production use only - expires 2025-11-24

Gurobi 11.0.1 (mac64[arm], gurobi_cl) logging started Fri Apr 12 10:09:30 2024

Set parameter LogFile to value "gurobi.log"
Using license file /Users/danialriaz/miniforge3/envs/pypsa-eur/lib/gurobi.lic
Restricted license - for non-production use only - expires 2025-11-24

Gurobi 11.0.1 (mac64[arm], gurobi_cl) logging started Fri Apr 12 10:09:31 2024

Set parameter LogFile to value "gurobi.log"
Using license file /Users/danialriaz/miniforge3/envs/pypsa-eur/lib/gurobi.lic
Restricted license - for non-production use only - expires 2025-11-24

Gurobi 11.0.1 (mac64[arm], gurobi_cl) logging started Fri Apr 12 22:58:39 2024

Set parameter LogFile to value "gurobi.log"
Using license file /Users/danialriaz/miniforge3/envs/pypsa-eur/lib/gurobi.lic
Restricted license - for non-production use only - expires 2025-11-24

Gurobi 11.0.1 (mac64[arm], gurobi_cl) logging started Fri Apr 12 22:58:47 2024

Set parameter LogFile to value "gurobi.log"
Using license file /Users/danialriaz/miniforge3/envs/pypsa-eur/lib/gurobi.lic
Restricted license - for non-production use only - expires 2025-11-24

Gurobi 11.0.1 (mac64[arm], gurobi_cl) logging started Sat Apr 13 10:49:19 2024

Set parameter LogFile to value "gurobi.log"
Using license file /Users/danialriaz/miniforge3/envs/pypsa-eur/lib/gurobi.lic
Restricted license - for non-production use only - expires 2025-11-24

Gurobi 11.0.1 (mac64[arm], gurobi_cl) logging started Sat Apr 13 10:49:21 2024

Set parameter LogFile to value "gurobi.log"
Using license file /Users/danialriaz/miniforge3/envs/pypsa-eur/lib/gurobi.lic
Restricted license - for non-production use only - expires 2025-11-24

Gurobi 11.0.1 (mac64[arm], gurobi_cl) logging started Sat Apr 13 14:13:30 2024

Set parameter LogFile to value "gurobi.log"
Using license file /Users/danialriaz/miniforge3/envs/pypsa-eur/lib/gurobi.lic
Restricted license - for non-production use only - expires 2025-11-24

Gurobi 11.0.1 (mac64[arm], gurobi_cl) logging started Sat Apr 13 14:13:33 2024

Set parameter LogFile to value "gurobi.log"
Using license file /Users/danialriaz/miniforge3/envs/pypsa-eur/lib/gurobi.lic
Restricted license - for non-production use only - expires 2025-11-24

Gurobi 11.0.1 (mac64[arm], gurobi_cl) logging started Sun Apr 14 00:25:03 2024

Set parameter LogFile to value "gurobi.log"
Using license file /Users/danialriaz/miniforge3/envs/pypsa-eur/lib/gurobi.lic
Restricted license - for non-production use only - expires 2025-11-24

Gurobi 11.0.1 (mac64[arm], gurobi_cl) logging started Sun Apr 14 00:27:35 2024

Set parameter LogFile to value "gurobi.log"
Using license file /Users/danialriaz/miniforge3/envs/pypsa-eur/lib/gurobi.lic
Restricted license - for non-production use only - expires 2025-11-24

Gurobi 11.0.1 (mac64[arm], gurobi_cl) logging started Sun Apr 14 12:38:16 2024

Set parameter LogFile to value "gurobi.log"
Using license file /Users/danialriaz/miniforge3/envs/pypsa-eur/lib/gurobi.lic
Restricted license - for non-production use only - expires 2025-11-24

Gurobi 11.0.1 (mac64[arm], gurobi_cl) logging started Sun Apr 14 12:39:49 2024

Set parameter LogFile to value "gurobi.log"
Using license file /Users/danialriaz/miniforge3/envs/pypsa-eur/lib/gurobi.lic
Restricted license - for non-production use only - expires 2025-11-24

Gurobi 11.0.1 (mac64[arm], gurobi_cl) logging started Sun Apr 14 18:30:12 2024

Set parameter LogFile to value "gurobi.log"
Using license file /Users/danialriaz/miniforge3/envs/pypsa-eur/lib/gurobi.lic
Restricted license - for non-production use only - expires 2025-11-24

Gurobi 11.0.1 (mac64[arm], gurobi_cl) logging started Sun Apr 14 18:30:14 2024

Set parameter LogFile to value "gurobi.log"
Using license file /Users/danialriaz/miniforge3/envs/pypsa-eur/lib/gurobi.lic
Restricted license - for non-production use only - expires 2025-11-24

Gurobi 11.0.1 (mac64[arm], gurobi_cl) logging started Sun Apr 14 18:39:40 2024

Set parameter LogFile to value "gurobi.log"
Using license file /Users/danialriaz/miniforge3/envs/pypsa-eur/lib/gurobi.lic
Restricted license - for non-production use only - expires 2025-11-24

Gurobi 11.0.1 (mac64[arm], gurobi_cl) logging started Sun Apr 14 18:39:42 2024

Set parameter LogFile to value "gurobi.log"
Using license file /Users/danialriaz/miniforge3/envs/pypsa-eur/lib/gurobi.lic
Restricted license - for non-production use only - expires 2025-11-24

Gurobi 11.0.1 (mac64[arm], gurobi_cl) logging started Sun Apr 14 18:45:27 2024

Set parameter LogFile to value "gurobi.log"
Using license file /Users/danialriaz/miniforge3/envs/pypsa-eur/lib/gurobi.lic
Restricted license - for non-production use only - expires 2025-11-24

Gurobi 11.0.1 (mac64[arm], gurobi_cl) logging started Sun Apr 14 18:45:28 2024

Set parameter LogFile to value "gurobi.log"
Using license file /Users/danialriaz/miniforge3/envs/pypsa-eur/lib/gurobi.lic
Restricted license - for non-production use only - expires 2025-11-24

Gurobi 11.0.1 (mac64[arm], gurobi_cl) logging started Sun Apr 14 18:52:40 2024

Set parameter LogFile to value "gurobi.log"
Using license file /Users/danialriaz/miniforge3/envs/pypsa-eur/lib/gurobi.lic
Restricted license - for non-production use only - expires 2025-11-24

Gurobi 11.0.1 (mac64[arm], gurobi_cl) logging started Sun Apr 14 18:52:42 2024

Set parameter LogFile to value "gurobi.log"
Using license file /Users/danialriaz/miniforge3/envs/pypsa-eur/lib/gurobi.lic
Restricted license - for non-production use only - expires 2025-11-24

Gurobi 11.0.1 (mac64[arm], gurobi_cl) logging started Sun Apr 14 18:59:00 2024

Set parameter LogFile to value "gurobi.log"
Using license file /Users/danialriaz/miniforge3/envs/pypsa-eur/lib/gurobi.lic
Restricted license - for non-production use only - expires 2025-11-24

Gurobi 11.0.1 (mac64[arm], gurobi_cl) logging started Sun Apr 14 18:59:02 2024

Set parameter LogFile to value "gurobi.log"
Using license file /Users/danialriaz/miniforge3/envs/pypsa-eur/lib/gurobi.lic
Restricted license - for non-production use only - expires 2025-11-24

Gurobi 11.0.1 (mac64[arm], gurobi_cl) logging started Sun Apr 14 19:16:57 2024

Set parameter LogFile to value "gurobi.log"
Using license file /Users/danialriaz/miniforge3/envs/pypsa-eur/lib/gurobi.lic
Restricted license - for non-production use only - expires 2025-11-24

Gurobi 11.0.1 (mac64[arm], gurobi_cl) logging started Sun Apr 14 19:16:59 2024

Set parameter LogFile to value "gurobi.log"
Using license file /Users/danialriaz/miniforge3/envs/pypsa-eur/lib/gurobi.lic
Restricted license - for non-production use only - expires 2025-11-24

Gurobi 11.0.1 (mac64[arm], gurobi_cl) logging started Sun Apr 14 19:42:47 2024

Set parameter LogFile to value "gurobi.log"
Using license file /Users/danialriaz/miniforge3/envs/pypsa-eur/lib/gurobi.lic
Restricted license - for non-production use only - expires 2025-11-24

Gurobi 11.0.1 (mac64[arm], gurobi_cl) logging started Sun Apr 14 19:42:50 2024

Set parameter LogFile to value "gurobi.log"
Using license file /Users/danialriaz/miniforge3/envs/pypsa-eur/lib/gurobi.lic
Restricted license - for non-production use only - expires 2025-11-24

Gurobi 11.0.1 (mac64[arm], gurobi_cl) logging started Sun Apr 14 19:46:25 2024

Set parameter LogFile to value "gurobi.log"
Using license file /Users/danialriaz/miniforge3/envs/pypsa-eur/lib/gurobi.lic
Restricted license - for non-production use only - expires 2025-11-24

Gurobi 11.0.1 (mac64[arm], gurobi_cl) logging started Sun Apr 14 19:46:26 2024

Set parameter LogFile to value "gurobi.log"
Using license file /Users/danialriaz/miniforge3/envs/pypsa-eur/lib/gurobi.lic
Restricted license - for non-production use only - expires 2025-11-24

Gurobi 11.0.1 (mac64[arm], gurobi_cl) logging started Sun Apr 14 19:58:14 2024

Set parameter LogFile to value "gurobi.log"
Using license file /Users/danialriaz/miniforge3/envs/pypsa-eur/lib/gurobi.lic
Restricted license - for non-production use only - expires 2025-11-24

Gurobi 11.0.1 (mac64[arm], gurobi_cl) logging started Sun Apr 14 19:58:15 2024

Set parameter LogFile to value "gurobi.log"
Using license file /Users/danialriaz/miniforge3/envs/pypsa-eur/lib/gurobi.lic
Restricted license - for non-production use only - expires 2025-11-24

Gurobi 11.0.1 (mac64[arm], gurobi_cl) logging started Sun Apr 14 20:01:05 2024

Set parameter LogFile to value "gurobi.log"
Using license file /Users/danialriaz/miniforge3/envs/pypsa-eur/lib/gurobi.lic
Restricted license - for non-production use only - expires 2025-11-24

Gurobi 11.0.1 (mac64[arm], gurobi_cl) logging started Sun Apr 14 20:01:06 2024

Set parameter LogFile to value "gurobi.log"
Using license file /Users/danialriaz/miniforge3/envs/pypsa-eur/lib/gurobi.lic
Restricted license - for non-production use only - expires 2025-11-24

Gurobi 11.0.1 (mac64[arm], gurobi_cl) logging started Sun Apr 14 23:11:52 2024

Set parameter LogFile to value "gurobi.log"
Using license file /Users/danialriaz/miniforge3/envs/pypsa-eur/lib/gurobi.lic
Restricted license - for non-production use only - expires 2025-11-24

Gurobi 11.0.1 (mac64[arm], gurobi_cl) logging started Sun Apr 14 23:11:55 2024

Set parameter LogFile to value "gurobi.log"
Using license file /Users/danialriaz/miniforge3/envs/pypsa-eur/lib/gurobi.lic
Restricted license - for non-production use only - expires 2025-11-24

Gurobi 11.0.1 (mac64[arm], gurobi_cl) logging started Mon Apr 15 16:35:36 2024

Set parameter LogFile to value "gurobi.log"
Using license file /Users/danialriaz/miniforge3/envs/pypsa-eur/lib/gurobi.lic
Restricted license - for non-production use only - expires 2025-11-24

Gurobi 11.0.1 (mac64[arm], gurobi_cl) logging started Mon Apr 15 16:35:43 2024

Set parameter LogFile to value "gurobi.log"
Using license file /Users/danialriaz/miniforge3/envs/pypsa-eur/lib/gurobi.lic
Restricted license - for non-production use only - expires 2025-11-24

Gurobi 11.0.1 (mac64[arm], gurobi_cl) logging started Tue Apr 16 00:17:56 2024

Set parameter LogFile to value "gurobi.log"
Using license file /Users/danialriaz/miniforge3/envs/pypsa-eur/lib/gurobi.lic
Restricted license - for non-production use only - expires 2025-11-24

Gurobi 11.0.1 (mac64[arm], gurobi_cl) logging started Tue Apr 16 00:27:22 2024

Set parameter LogFile to value "gurobi.log"
Using license file /Users/danialriaz/miniforge3/envs/pypsa-eur/lib/gurobi.lic
Restricted license - for non-production use only - expires 2025-11-24

Gurobi 11.0.1 (mac64[arm], gurobi_cl) logging started Tue Apr 16 00:36:48 2024

Set parameter LogFile to value "gurobi.log"
Using license file /Users/danialriaz/miniforge3/envs/pypsa-eur/lib/gurobi.lic
Restricted license - for non-production use only - expires 2025-11-24

Gurobi 11.0.1 (mac64[arm], gurobi_cl) logging started Tue Apr 16 00:47:06 2024

Set parameter LogFile to value "gurobi.log"
Using license file /Users/danialriaz/miniforge3/envs/pypsa-eur/lib/gurobi.lic
Restricted license - for non-production use only - expires 2025-11-24

Gurobi 11.0.1 (mac64[arm], gurobi_cl) logging started Tue Apr 16 00:54:18 2024

Set parameter LogFile to value "gurobi.log"
Using license file /Users/danialriaz/miniforge3/envs/pypsa-eur/lib/gurobi.lic
Restricted license - for non-production use only - expires 2025-11-24

Gurobi 11.0.1 (mac64[arm], gurobi_cl) logging started Tue Apr 16 00:54:21 2024

Set parameter LogFile to value "gurobi.log"
Using license file /Users/danialriaz/miniforge3/envs/pypsa-eur/lib/gurobi.lic
Restricted license - for non-production use only - expires 2025-11-24

Gurobi 11.0.1 (mac64[arm], gurobi_cl) logging started Tue Apr 16 00:59:50 2024

Set parameter LogFile to value "gurobi.log"
Using license file /Users/danialriaz/miniforge3/envs/pypsa-eur/lib/gurobi.lic
Restricted license - for non-production use only - expires 2025-11-24

Gurobi 11.0.1 (mac64[arm], gurobi_cl) logging started Tue Apr 16 00:59:52 2024

Set parameter LogFile to value "gurobi.log"
Using license file /Users/danialriaz/miniforge3/envs/pypsa-eur/lib/gurobi.lic
Restricted license - for non-production use only - expires 2025-11-24

Gurobi 11.0.1 (mac64[arm], gurobi_cl) logging started Tue Apr 16 01:06:53 2024

Set parameter LogFile to value "gurobi.log"
Using license file /Users/danialriaz/miniforge3/envs/pypsa-eur/lib/gurobi.lic
Restricted license - for non-production use only - expires 2025-11-24

Gurobi 11.0.1 (mac64[arm], gurobi_cl) logging started Tue Apr 16 01:06:55 2024

Set parameter LogFile to value "gurobi.log"
Using license file /Users/danialriaz/miniforge3/envs/pypsa-eur/lib/gurobi.lic
Restricted license - for non-production use only - expires 2025-11-24

Gurobi 11.0.1 (mac64[arm], gurobi_cl) logging started Tue Apr 16 01:10:42 2024

Set parameter LogFile to value "gurobi.log"
Using license file /Users/danialriaz/miniforge3/envs/pypsa-eur/lib/gurobi.lic
Restricted license - for non-production use only - expires 2025-11-24

Gurobi 11.0.1 (mac64[arm], gurobi_cl) logging started Tue Apr 16 01:10:44 2024

Set parameter LogFile to value "gurobi.log"
Using license file /Users/danialriaz/miniforge3/envs/pypsa-eur/lib/gurobi.lic
Restricted license - for non-production use only - expires 2025-11-24

Gurobi 11.0.1 (mac64[arm], gurobi_cl) logging started Tue Apr 16 01:16:09 2024

Set parameter LogFile to value "gurobi.log"
Using license file /Users/danialriaz/miniforge3/envs/pypsa-eur/lib/gurobi.lic
Restricted license - for non-production use only - expires 2025-11-24

Gurobi 11.0.1 (mac64[arm], gurobi_cl) logging started Tue Apr 16 01:16:12 2024

Set parameter LogFile to value "gurobi.log"
Using license file /Users/danialriaz/miniforge3/envs/pypsa-eur/lib/gurobi.lic
Restricted license - for non-production use only - expires 2025-11-24

Gurobi 11.0.1 (mac64[arm], gurobi_cl) logging started Tue Apr 16 11:01:36 2024

Set parameter LogFile to value "gurobi.log"
Using license file /Users/danialriaz/miniforge3/envs/pypsa-eur/lib/gurobi.lic
Restricted license - for non-production use only - expires 2025-11-24

Gurobi 11.0.1 (mac64[arm], gurobi_cl) logging started Tue Apr 16 11:04:01 2024

Set parameter LogFile to value "gurobi.log"
Using license file /Users/danialriaz/miniforge3/envs/pypsa-eur/lib/gurobi.lic
Restricted license - for non-production use only - expires 2025-11-24

Gurobi 11.0.1 (mac64[arm], gurobi_cl) logging started Tue Apr 16 11:23:21 2024

Set parameter LogFile to value "gurobi.log"
Using license file /Users/danialriaz/miniforge3/envs/pypsa-eur/lib/gurobi.lic
Restricted license - for non-production use only - expires 2025-11-24

Gurobi 11.0.1 (mac64[arm], gurobi_cl) logging started Tue Apr 16 11:23:24 2024

Set parameter LogFile to value "gurobi.log"
Using license file /Users/danialriaz/miniforge3/envs/pypsa-eur/lib/gurobi.lic
Restricted license - for non-production use only - expires 2025-11-24

Gurobi 11.0.1 (mac64[arm], gurobi_cl) logging started Tue Apr 16 11:45:06 2024

Set parameter LogFile to value "gurobi.log"
Using license file /Users/danialriaz/miniforge3/envs/pypsa-eur/lib/gurobi.lic
Restricted license - for non-production use only - expires 2025-11-24

Gurobi 11.0.1 (mac64[arm], gurobi_cl) logging started Tue Apr 16 11:45:08 2024

Set parameter LogFile to value "gurobi.log"
Using license file /Users/danialriaz/miniforge3/envs/pypsa-eur/lib/gurobi.lic
Restricted license - for non-production use only - expires 2025-11-24

Gurobi 11.0.1 (mac64[arm], gurobi_cl) logging started Tue Apr 16 11:54:50 2024

Set parameter LogFile to value "gurobi.log"
Using license file /Users/danialriaz/miniforge3/envs/pypsa-eur/lib/gurobi.lic
Restricted license - for non-production use only - expires 2025-11-24

Gurobi 11.0.1 (mac64[arm], gurobi_cl) logging started Tue Apr 16 11:54:52 2024

Set parameter LogFile to value "gurobi.log"
Using license file /Users/danialriaz/miniforge3/envs/pypsa-eur/lib/gurobi.lic
Restricted license - for non-production use only - expires 2025-11-24

Gurobi 11.0.1 (mac64[arm], gurobi_cl) logging started Wed Apr 17 15:20:51 2024

Set parameter Username
Set parameter LogFile to value "gurobi.log"
Using license file /Users/danialriaz/gurobi.lic
Academic license - for non-commercial use only - expires 2025-04-17

Gurobi 11.0.1 (mac64[arm], gurobi_cl) logging started Wed Apr 17 15:20:54 2024

Set parameter Username
Set parameter LogFile to value "gurobi.log"
Using license file /Users/danialriaz/gurobi.lic
Academic license - for non-commercial use only - expires 2025-04-17

Gurobi 11.0.1 (mac64[arm], gurobi_cl) logging started Wed Apr 17 15:22:58 2024

Set parameter Username
Set parameter LogFile to value "gurobi.log"
Using license file /Users/danialriaz/gurobi.lic
Academic license - for non-commercial use only - expires 2025-04-17

Gurobi 11.0.1 (mac64[arm], gurobi_cl) logging started Wed Apr 17 15:23:00 2024

Set parameter Username
Set parameter LogFile to value "gurobi.log"
Using license file /Users/danialriaz/gurobi.lic
Academic license - for non-commercial use only - expires 2025-04-17

Gurobi 11.0.1 (mac64[arm], gurobi_cl) logging started Wed Apr 17 15:24:34 2024

Set parameter Username
Set parameter LogFile to value "gurobi.log"
Using license file /Users/danialriaz/gurobi.lic
Academic license - for non-commercial use only - expires 2025-04-17

Gurobi 11.0.1 (mac64[arm], gurobi_cl) logging started Wed Apr 17 15:26:00 2024

Set parameter Username
Set parameter LogFile to value "gurobi.log"
Using license file /Users/danialriaz/gurobi.lic
Academic license - for non-commercial use only - expires 2025-04-17

Gurobi 11.0.1 (mac64[arm], gurobi_cl) logging started Wed Apr 17 15:26:06 2024

Set parameter Username
Set parameter LogFile to value "gurobi.log"
Using license file /Users/danialriaz/gurobi.lic
Academic license - for non-commercial use only - expires 2025-04-17

Gurobi 11.0.1 (mac64[arm], gurobi_cl) logging started Wed Apr 17 16:03:44 2024

Set parameter Username
Set parameter LogFile to value "gurobi.log"
Using license file /Users/danialriaz/gurobi.lic
Academic license - for non-commercial use only - expires 2025-04-17

Gurobi 11.0.1 (mac64[arm], gurobi_cl) logging started Wed Apr 17 16:03:46 2024

Set parameter Username
Set parameter LogFile to value "gurobi.log"
Using license file /Users/danialriaz/gurobi.lic
Academic license - for non-commercial use only - expires 2025-04-17

Gurobi 11.0.1 (mac64[arm], gurobi_cl) logging started Thu Apr 18 00:04:06 2024

Set parameter Username
Set parameter LogFile to value "gurobi.log"
Using license file /Users/danialriaz/gurobi.lic
Academic license - for non-commercial use only - expires 2025-04-17

Gurobi 11.0.1 (mac64[arm], gurobi_cl) logging started Thu Apr 18 00:04:08 2024

Set parameter Username
Set parameter LogFile to value "gurobi.log"
Using license file /Users/danialriaz/gurobi.lic
Academic license - for non-commercial use only - expires 2025-04-17

Gurobi 11.0.1 (mac64[arm], gurobi_cl) logging started Thu Apr 18 00:08:19 2024

Set parameter Username
Set parameter LogFile to value "gurobi.log"
Using license file /Users/danialriaz/gurobi.lic
Academic license - for non-commercial use only - expires 2025-04-17

Gurobi 11.0.1 (mac64[arm], gurobi_cl) logging started Thu Apr 18 00:08:21 2024

Set parameter Username
Set parameter LogFile to value "gurobi.log"
Using license file /Users/danialriaz/gurobi.lic
Academic license - for non-commercial use only - expires 2025-04-17

Gurobi 11.0.1 (mac64[arm], gurobi_cl) logging started Thu Apr 18 00:15:51 2024

Set parameter Username
Set parameter LogFile to value "gurobi.log"
Using license file /Users/danialriaz/gurobi.lic
Academic license - for non-commercial use only - expires 2025-04-17

Gurobi 11.0.1 (mac64[arm], gurobi_cl) logging started Thu Apr 18 00:15:54 2024

Set parameter Username
Set parameter LogFile to value "gurobi.log"
Using license file /Users/danialriaz/gurobi.lic
Academic license - for non-commercial use only - expires 2025-04-17

Gurobi 11.0.1 (mac64[arm], gurobi_cl) logging started Thu Apr 18 00:31:28 2024

Set parameter Username
Set parameter LogFile to value "gurobi.log"
Using license file /Users/danialriaz/gurobi.lic
Academic license - for non-commercial use only - expires 2025-04-17

Gurobi 11.0.1 (mac64[arm], gurobi_cl) logging started Thu Apr 18 00:31:30 2024

Set parameter Username
Set parameter LogFile to value "gurobi.log"
Using license file /Users/danialriaz/gurobi.lic
Academic license - for non-commercial use only - expires 2025-04-17

Gurobi 11.0.1 (mac64[arm], gurobi_cl) logging started Thu Apr 18 01:01:30 2024

Set parameter Username
Set parameter LogFile to value "gurobi.log"
Using license file /Users/danialriaz/gurobi.lic
Academic license - for non-commercial use only - expires 2025-04-17

Gurobi 11.0.1 (mac64[arm], gurobi_cl) logging started Thu Apr 18 01:01:33 2024

Set parameter Username
Set parameter LogFile to value "gurobi.log"
Using license file /Users/danialriaz/gurobi.lic
Academic license - for non-commercial use only - expires 2025-04-17

Gurobi 11.0.1 (mac64[arm], gurobi_cl) logging started Thu Apr 18 01:20:11 2024

Set parameter Username
Set parameter LogFile to value "gurobi.log"
Using license file /Users/danialriaz/gurobi.lic
Academic license - for non-commercial use only - expires 2025-04-17

Gurobi 11.0.1 (mac64[arm], gurobi_cl) logging started Thu Apr 18 01:20:13 2024

Set parameter Username
Set parameter LogFile to value "gurobi.log"
Using license file /Users/danialriaz/gurobi.lic
Academic license - for non-commercial use only - expires 2025-04-17

Gurobi 11.0.1 (mac64[arm], gurobi_cl) logging started Thu Apr 18 01:47:38 2024

Set parameter Username
Set parameter LogFile to value "gurobi.log"
Using license file /Users/danialriaz/gurobi.lic
Academic license - for non-commercial use only - expires 2025-04-17

Gurobi 11.0.1 (mac64[arm], gurobi_cl) logging started Thu Apr 18 01:47:40 2024

Set parameter Username
Set parameter LogFile to value "gurobi.log"
Using license file /Users/danialriaz/gurobi.lic
Academic license - for non-commercial use only - expires 2025-04-17

Gurobi 11.0.1 (mac64[arm], gurobi_cl) logging started Thu Apr 18 12:33:52 2024

Set parameter Username
Set parameter LogFile to value "gurobi.log"
Using license file /Users/danialriaz/gurobi.lic
Academic license - for non-commercial use only - expires 2025-04-17

Gurobi 11.0.1 (mac64[arm], gurobi_cl) logging started Thu Apr 18 12:34:56 2024

Set parameter Username
Set parameter LogFile to value "gurobi.log"
Using license file /Users/danialriaz/gurobi.lic
Academic license - for non-commercial use only - expires 2025-04-17

Gurobi 11.0.1 (mac64[arm], gurobi_cl) logging started Thu Apr 18 12:35:14 2024

Set parameter Username
Set parameter LogFile to value "gurobi.log"
Using license file /Users/danialriaz/gurobi.lic
Academic license - for non-commercial use only - expires 2025-04-17

Gurobi 11.0.1 (mac64[arm], gurobi_cl) logging started Thu Apr 18 18:36:23 2024

Set parameter Username
Set parameter LogFile to value "gurobi.log"
Using license file /Users/danialriaz/gurobi.lic
Academic license - for non-commercial use only - expires 2025-04-17

Gurobi 11.0.1 (mac64[arm], gurobi_cl) logging started Thu Apr 18 18:40:20 2024

Set parameter Username
Set parameter LogFile to value "gurobi.log"
Using license file /Users/danialriaz/gurobi.lic
Academic license - for non-commercial use only - expires 2025-04-17

Gurobi 11.0.1 (mac64[arm], gurobi_cl) logging started Thu Apr 18 18:41:36 2024

Set parameter Username
Set parameter LogFile to value "gurobi.log"
Using license file /Users/danialriaz/gurobi.lic
Academic license - for non-commercial use only - expires 2025-04-17

Gurobi 11.0.1 (mac64[arm], gurobi_cl) logging started Fri Apr 19 00:31:00 2024

Set parameter Username
Set parameter LogFile to value "gurobi.log"
Using license file /Users/danialriaz/gurobi.lic
Academic license - for non-commercial use only - expires 2025-04-17

Gurobi 11.0.1 (mac64[arm], gurobi_cl) logging started Fri Apr 19 00:31:24 2024

Set parameter Username
Set parameter LogFile to value "gurobi.log"
Using license file /Users/danialriaz/gurobi.lic
Academic license - for non-commercial use only - expires 2025-04-17

Gurobi 11.0.1 (mac64[arm], gurobi_cl) logging started Fri Apr 19 00:35:42 2024

Set parameter Username
Set parameter LogFile to value "gurobi.log"
Using license file /Users/danialriaz/gurobi.lic
Academic license - for non-commercial use only - expires 2025-04-17

Gurobi 11.0.1 (mac64[arm], gurobi_cl) logging started Fri Apr 19 00:35:50 2024

Set parameter Username
Set parameter LogFile to value "gurobi.log"
Using license file /Users/danialriaz/gurobi.lic
Academic license - for non-commercial use only - expires 2025-04-17

Gurobi 11.0.1 (mac64[arm], gurobi_cl) logging started Fri Apr 19 00:47:29 2024

Set parameter Username
Set parameter LogFile to value "gurobi.log"
Using license file /Users/danialriaz/gurobi.lic
Academic license - for non-commercial use only - expires 2025-04-17

Gurobi 11.0.1 (mac64[arm], gurobi_cl) logging started Fri Apr 19 00:47:31 2024

Set parameter Username
Set parameter LogFile to value "gurobi.log"
Using license file /Users/danialriaz/gurobi.lic
Academic license - for non-commercial use only - expires 2025-04-17

Gurobi 11.0.1 (mac64[arm], gurobi_cl) logging started Fri Apr 19 00:53:37 2024

Set parameter Username
Set parameter LogFile to value "gurobi.log"
Using license file /Users/danialriaz/gurobi.lic
Academic license - for non-commercial use only - expires 2025-04-17

Gurobi 11.0.1 (mac64[arm], gurobi_cl) logging started Fri Apr 19 00:53:39 2024

Set parameter Username
Set parameter LogFile to value "gurobi.log"
Using license file /Users/danialriaz/gurobi.lic
Academic license - for non-commercial use only - expires 2025-04-17

Gurobi 11.0.1 (mac64[arm], gurobi_cl) logging started Fri Apr 19 11:32:14 2024

Set parameter Username
Set parameter LogFile to value "gurobi.log"
Using license file /Users/danialriaz/gurobi.lic
Academic license - for non-commercial use only - expires 2025-04-17

Gurobi 11.0.1 (mac64[arm], gurobi_cl) logging started Fri Apr 19 11:32:20 2024

Set parameter Username
Set parameter LogFile to value "gurobi.log"
Using license file /Users/danialriaz/gurobi.lic
Academic license - for non-commercial use only - expires 2025-04-17

Gurobi 11.0.1 (mac64[arm], gurobi_cl) logging started Fri Apr 19 11:35:21 2024

Set parameter Username
Set parameter LogFile to value "gurobi.log"
Using license file /Users/danialriaz/gurobi.lic
Academic license - for non-commercial use only - expires 2025-04-17

Gurobi 11.0.1 (mac64[arm], gurobi_cl) logging started Fri Apr 19 11:35:23 2024

Set parameter Username
Set parameter LogFile to value "gurobi.log"
Using license file /Users/danialriaz/gurobi.lic
Academic license - for non-commercial use only - expires 2025-04-17

Gurobi 11.0.1 (mac64[arm], gurobi_cl) logging started Fri Apr 19 11:37:38 2024

Set parameter Username
Set parameter LogFile to value "gurobi.log"
Using license file /Users/danialriaz/gurobi.lic
Academic license - for non-commercial use only - expires 2025-04-17

Gurobi 11.0.1 (mac64[arm], gurobi_cl) logging started Fri Apr 19 11:37:39 2024

Set parameter Username
Set parameter LogFile to value "gurobi.log"
Using license file /Users/danialriaz/gurobi.lic
Academic license - for non-commercial use only - expires 2025-04-17

Gurobi 11.0.1 (mac64[arm], gurobi_cl) logging started Fri Apr 19 11:40:21 2024

Set parameter Username
Set parameter LogFile to value "gurobi.log"
Using license file /Users/danialriaz/gurobi.lic
Academic license - for non-commercial use only - expires 2025-04-17

Gurobi 11.0.1 (mac64[arm], gurobi_cl) logging started Fri Apr 19 11:40:23 2024

Set parameter Username
Set parameter LogFile to value "gurobi.log"
Using license file /Users/danialriaz/gurobi.lic
Academic license - for non-commercial use only - expires 2025-04-17

Gurobi 11.0.1 (mac64[arm], gurobi_cl) logging started Fri Apr 19 18:36:48 2024

Set parameter Username
Set parameter LogFile to value "gurobi.log"
Using license file /Users/danialriaz/gurobi.lic
Academic license - for non-commercial use only - expires 2025-04-17

Gurobi 11.0.1 (mac64[arm], gurobi_cl) logging started Fri Apr 19 18:36:49 2024

Set parameter Username
Set parameter LogFile to value "gurobi.log"
Using license file /Users/danialriaz/gurobi.lic
Academic license - for non-commercial use only - expires 2025-04-17

Gurobi 11.0.1 (mac64[arm], gurobi_cl) logging started Fri Apr 19 18:38:05 2024

Set parameter Username
Set parameter LogFile to value "gurobi.log"
Using license file /Users/danialriaz/gurobi.lic
Academic license - for non-commercial use only - expires 2025-04-17

Gurobi 11.0.1 (mac64[arm], gurobi_cl) logging started Fri Apr 19 18:38:06 2024

Set parameter Username
Set parameter LogFile to value "gurobi.log"
Using license file /Users/danialriaz/gurobi.lic
Academic license - for non-commercial use only - expires 2025-04-17

Gurobi 11.0.1 (mac64[arm], gurobi_cl) logging started Fri Apr 19 20:10:24 2024

Set parameter Username
Set parameter LogFile to value "gurobi.log"
Using license file /Users/danialriaz/gurobi.lic
Academic license - for non-commercial use only - expires 2025-04-17

Gurobi 11.0.1 (mac64[arm], gurobi_cl) logging started Fri Apr 19 20:10:25 2024

Set parameter Username
Set parameter LogFile to value "gurobi.log"
Using license file /Users/danialriaz/gurobi.lic
Academic license - for non-commercial use only - expires 2025-04-17

Gurobi 11.0.1 (mac64[arm], gurobi_cl) logging started Fri Apr 19 20:18:33 2024

Set parameter Username
Set parameter LogFile to value "gurobi.log"
Using license file /Users/danialriaz/gurobi.lic
Academic license - for non-commercial use only - expires 2025-04-17

Gurobi 11.0.1 (mac64[arm], gurobi_cl) logging started Fri Apr 19 20:18:34 2024

Set parameter Username
Set parameter LogFile to value "gurobi.log"
Using license file /Users/danialriaz/gurobi.lic
Academic license - for non-commercial use only - expires 2025-04-17

Gurobi 11.0.1 (mac64[arm], gurobi_cl) logging started Fri Apr 19 20:46:44 2024

Set parameter Username
Set parameter LogFile to value "gurobi.log"
Using license file /Users/danialriaz/gurobi.lic
Academic license - for non-commercial use only - expires 2025-04-17

Gurobi 11.0.1 (mac64[arm], gurobi_cl) logging started Fri Apr 19 20:46:46 2024

Set parameter Username
Set parameter LogFile to value "gurobi.log"
Using license file /Users/danialriaz/gurobi.lic
Academic license - for non-commercial use only - expires 2025-04-17

Gurobi 11.0.1 (mac64[arm], gurobi_cl) logging started Fri Apr 19 21:12:22 2024

Set parameter Username
Set parameter LogFile to value "gurobi.log"
Using license file /Users/danialriaz/gurobi.lic
Academic license - for non-commercial use only - expires 2025-04-17

Gurobi 11.0.1 (mac64[arm], gurobi_cl) logging started Fri Apr 19 21:12:24 2024

Set parameter Username
Set parameter LogFile to value "gurobi.log"
Using license file /Users/danialriaz/gurobi.lic
Academic license - for non-commercial use only - expires 2025-04-17

Gurobi 11.0.1 (mac64[arm], gurobi_cl) logging started Fri Apr 19 21:29:14 2024

Set parameter Username
Set parameter LogFile to value "gurobi.log"
Using license file /Users/danialriaz/gurobi.lic
Academic license - for non-commercial use only - expires 2025-04-17

Gurobi 11.0.1 (mac64[arm], gurobi_cl) logging started Fri Apr 19 21:29:16 2024

Set parameter Username
Set parameter LogFile to value "gurobi.log"
Using license file /Users/danialriaz/gurobi.lic
Academic license - for non-commercial use only - expires 2025-04-17

Gurobi 11.0.1 (mac64[arm], gurobi_cl) logging started Fri Apr 19 21:32:17 2024

Set parameter Username
Set parameter LogFile to value "gurobi.log"
Using license file /Users/danialriaz/gurobi.lic
Academic license - for non-commercial use only - expires 2025-04-17

Gurobi 11.0.1 (mac64[arm], gurobi_cl) logging started Fri Apr 19 21:32:19 2024

Set parameter Username
Set parameter LogFile to value "gurobi.log"
Using license file /Users/danialriaz/gurobi.lic
Academic license - for non-commercial use only - expires 2025-04-17

Gurobi 11.0.1 (mac64[arm], gurobi_cl) logging started Fri Apr 19 21:38:49 2024

Set parameter Username
Set parameter LogFile to value "gurobi.log"
Using license file /Users/danialriaz/gurobi.lic
Academic license - for non-commercial use only - expires 2025-04-17

Gurobi 11.0.1 (mac64[arm], gurobi_cl) logging started Fri Apr 19 21:38:51 2024

Set parameter Username
Set parameter LogFile to value "gurobi.log"
Using license file /Users/danialriaz/gurobi.lic
Academic license - for non-commercial use only - expires 2025-04-17

Gurobi 11.0.1 (mac64[arm], gurobi_cl) logging started Fri Apr 19 21:51:22 2024

Set parameter Username
Set parameter LogFile to value "gurobi.log"
Using license file /Users/danialriaz/gurobi.lic
Academic license - for non-commercial use only - expires 2025-04-17

Gurobi 11.0.1 (mac64[arm], gurobi_cl) logging started Fri Apr 19 21:51:24 2024

Set parameter Username
Set parameter LogFile to value "gurobi.log"
Using license file /Users/danialriaz/gurobi.lic
Academic license - for non-commercial use only - expires 2025-04-17

Gurobi 11.0.1 (mac64[arm], gurobi_cl) logging started Fri Apr 19 23:54:12 2024

Set parameter Username
Set parameter LogFile to value "gurobi.log"
Using license file /Users/danialriaz/gurobi.lic
Academic license - for non-commercial use only - expires 2025-04-17

Gurobi 11.0.1 (mac64[arm], gurobi_cl) logging started Fri Apr 19 23:55:34 2024

Set parameter Username
Set parameter LogFile to value "gurobi.log"
Using license file /Users/danialriaz/gurobi.lic
Academic license - for non-commercial use only - expires 2025-04-17

Gurobi 11.0.1 (mac64[arm], gurobi_cl) logging started Sat Apr 20 18:12:44 2024

Set parameter Username
Set parameter LogFile to value "gurobi.log"
Using license file /Users/danialriaz/gurobi.lic
Academic license - for non-commercial use only - expires 2025-04-17

Gurobi 11.0.1 (mac64[arm], gurobi_cl) logging started Sat Apr 20 18:14:02 2024

Set parameter Username
Set parameter LogFile to value "gurobi.log"
Using license file /Users/danialriaz/gurobi.lic
Academic license - for non-commercial use only - expires 2025-04-17

Gurobi 11.0.1 (mac64[arm], gurobi_cl) logging started Sun Apr 21 11:52:53 2024

Set parameter Username
Set parameter LogFile to value "gurobi.log"
Using license file /Users/danialriaz/gurobi.lic
Academic license - for non-commercial use only - expires 2025-04-17

Gurobi 11.0.1 (mac64[arm], gurobi_cl) logging started Sun Apr 21 11:53:09 2024

Set parameter Username
Set parameter LogFile to value "gurobi.log"
Using license file /Users/danialriaz/gurobi.lic
Academic license - for non-commercial use only - expires 2025-04-17

Gurobi 11.0.1 (mac64[arm], gurobi_cl) logging started Mon Apr 22 19:04:41 2024

Set parameter Username
Set parameter LogFile to value "gurobi.log"
Using license file /Users/danialriaz/gurobi.lic
Academic license - for non-commercial use only - expires 2025-04-17

Gurobi 11.0.1 (mac64[arm], gurobi_cl) logging started Mon Apr 22 19:05:34 2024

Set parameter Username
Set parameter LogFile to value "gurobi.log"
Using license file /Users/danialriaz/gurobi.lic
Academic license - for non-commercial use only - expires 2025-04-17

Gurobi 11.0.1 (mac64[arm], gurobi_cl) logging started Mon Apr 22 19:13:17 2024

Set parameter Username
Set parameter LogFile to value "gurobi.log"
Using license file /Users/danialriaz/gurobi.lic
Academic license - for non-commercial use only - expires 2025-04-17

Gurobi 11.0.1 (mac64[arm], gurobi_cl) logging started Mon Apr 22 19:13:19 2024

Set parameter Username
Set parameter LogFile to value "gurobi.log"
Using license file /Users/danialriaz/gurobi.lic
Academic license - for non-commercial use only - expires 2025-04-17

Gurobi 11.0.1 (mac64[arm], gurobi_cl) logging started Mon Apr 22 19:39:57 2024

Set parameter Username
Set parameter LogFile to value "gurobi.log"
Using license file /Users/danialriaz/gurobi.lic
Academic license - for non-commercial use only - expires 2025-04-17

Gurobi 11.0.1 (mac64[arm], gurobi_cl) logging started Mon Apr 22 19:41:25 2024

Set parameter Username
Set parameter LogFile to value "gurobi.log"
Using license file /Users/danialriaz/gurobi.lic
Academic license - for non-commercial use only - expires 2025-04-17

Gurobi 11.0.1 (mac64[arm], gurobi_cl) logging started Mon Apr 22 20:25:02 2024

Set parameter Username
Set parameter LogFile to value "gurobi.log"
Using license file /Users/danialriaz/gurobi.lic
Academic license - for non-commercial use only - expires 2025-04-17

Gurobi 11.0.1 (mac64[arm], gurobi_cl) logging started Mon Apr 22 20:26:26 2024

Set parameter Username
Set parameter LogFile to value "gurobi.log"
Using license file /Users/danialriaz/gurobi.lic
Academic license - for non-commercial use only - expires 2025-04-17

Gurobi 11.0.1 (mac64[arm], gurobi_cl) logging started Mon Apr 22 20:58:42 2024

Set parameter Username
Set parameter LogFile to value "gurobi.log"
Using license file /Users/danialriaz/gurobi.lic
Academic license - for non-commercial use only - expires 2025-04-17

Gurobi 11.0.1 (mac64[arm], gurobi_cl) logging started Mon Apr 22 20:58:44 2024

Set parameter Username
Set parameter LogFile to value "gurobi.log"
Using license file /Users/danialriaz/gurobi.lic
Academic license - for non-commercial use only - expires 2025-04-17

Gurobi 11.0.1 (mac64[arm], gurobi_cl) logging started Tue Apr 23 09:23:26 2024

Set parameter Username
Set parameter LogFile to value "gurobi.log"
Using license file /Users/danialriaz/gurobi.lic
Academic license - for non-commercial use only - expires 2025-04-17

Gurobi 11.0.1 (mac64[arm], gurobi_cl) logging started Tue Apr 23 09:24:48 2024

Set parameter Username
Set parameter LogFile to value "gurobi.log"
Using license file /Users/danialriaz/gurobi.lic
Academic license - for non-commercial use only - expires 2025-04-17

Gurobi 11.0.1 (mac64[arm], gurobi_cl) logging started Tue Apr 23 09:39:38 2024

Set parameter Username
Set parameter LogFile to value "gurobi.log"
Using license file /Users/danialriaz/gurobi.lic
Academic license - for non-commercial use only - expires 2025-04-17

Gurobi 11.0.1 (mac64[arm], gurobi_cl) logging started Tue Apr 23 09:39:57 2024

Set parameter Username
Set parameter LogFile to value "gurobi.log"
Using license file /Users/danialriaz/gurobi.lic
Academic license - for non-commercial use only - expires 2025-04-17

Gurobi 11.0.1 (mac64[arm], gurobi_cl) logging started Tue Apr 23 09:39:59 2024

Set parameter Username
Set parameter LogFile to value "gurobi.log"
Using license file /Users/danialriaz/gurobi.lic
Academic license - for non-commercial use only - expires 2025-04-17

Gurobi 11.0.1 (mac64[arm], gurobi_cl) logging started Tue Apr 23 09:47:37 2024

Set parameter Username
Set parameter LogFile to value "gurobi.log"
Using license file /Users/danialriaz/gurobi.lic
Academic license - for non-commercial use only - expires 2025-04-17

Gurobi 11.0.1 (mac64[arm], gurobi_cl) logging started Tue Apr 23 09:49:07 2024

Set parameter Username
Set parameter LogFile to value "gurobi.log"
Using license file /Users/danialriaz/gurobi.lic
Academic license - for non-commercial use only - expires 2025-04-17

Gurobi 11.0.1 (mac64[arm], gurobi_cl) logging started Tue Apr 23 10:49:32 2024

Set parameter Username
Set parameter LogFile to value "gurobi.log"
Using license file /Users/danialriaz/gurobi.lic
Academic license - for non-commercial use only - expires 2025-04-17

Gurobi 11.0.1 (mac64[arm], gurobi_cl) logging started Tue Apr 23 10:51:03 2024

Set parameter Username
Set parameter LogFile to value "gurobi.log"
Using license file /Users/danialriaz/gurobi.lic
Academic license - for non-commercial use only - expires 2025-04-17

Gurobi 11.0.1 (mac64[arm], gurobi_cl) logging started Tue Apr 23 11:02:25 2024

Set parameter Username
Set parameter LogFile to value "gurobi.log"
Using license file /Users/danialriaz/gurobi.lic
Academic license - for non-commercial use only - expires 2025-04-17

Gurobi 11.0.1 (mac64[arm], gurobi_cl) logging started Tue Apr 23 11:02:27 2024

Set parameter Username
Set parameter LogFile to value "gurobi.log"
Using license file /Users/danialriaz/gurobi.lic
Academic license - for non-commercial use only - expires 2025-04-17

Gurobi 11.0.1 (mac64[arm], gurobi_cl) logging started Tue Apr 23 11:18:32 2024

Set parameter Username
Set parameter LogFile to value "gurobi.log"
Using license file /Users/danialriaz/gurobi.lic
Academic license - for non-commercial use only - expires 2025-04-17

Gurobi 11.0.1 (mac64[arm], gurobi_cl) logging started Tue Apr 23 11:19:29 2024

Set parameter Username
Set parameter LogFile to value "gurobi.log"
Using license file /Users/danialriaz/gurobi.lic
Academic license - for non-commercial use only - expires 2025-04-17

Gurobi 11.0.1 (mac64[arm], gurobi_cl) logging started Tue Apr 23 12:28:26 2024

Set parameter Username
Set parameter LogFile to value "gurobi.log"
Using license file /Users/danialriaz/gurobi.lic
Academic license - for non-commercial use only - expires 2025-04-17

Gurobi 11.0.1 (mac64[arm], gurobi_cl) logging started Tue Apr 23 12:29:19 2024

Set parameter Username
Set parameter LogFile to value "gurobi.log"
Using license file /Users/danialriaz/gurobi.lic
Academic license - for non-commercial use only - expires 2025-04-17

Gurobi 11.0.1 (mac64[arm], gurobi_cl) logging started Tue Apr 23 12:45:38 2024

Set parameter Username
Set parameter LogFile to value "gurobi.log"
Using license file /Users/danialriaz/gurobi.lic
Academic license - for non-commercial use only - expires 2025-04-17

Gurobi 11.0.1 (mac64[arm], gurobi_cl) logging started Tue Apr 23 12:46:58 2024

Set parameter Username
Set parameter LogFile to value "gurobi.log"
Using license file /Users/danialriaz/gurobi.lic
Academic license - for non-commercial use only - expires 2025-04-17

Gurobi 11.0.1 (mac64[arm], gurobi_cl) logging started Tue Apr 23 18:02:08 2024

Set parameter Username
Set parameter LogFile to value "gurobi.log"
Using license file /Users/danialriaz/gurobi.lic
Academic license - for non-commercial use only - expires 2025-04-17

Gurobi 11.0.1 (mac64[arm], gurobi_cl) logging started Tue Apr 23 18:02:10 2024

Set parameter Username
Set parameter LogFile to value "gurobi.log"
Using license file /Users/danialriaz/gurobi.lic
Academic license - for non-commercial use only - expires 2025-04-17

Gurobi 11.0.1 (mac64[arm], gurobi_cl) logging started Tue Apr 23 18:03:40 2024

Set parameter Username
Set parameter LogFile to value "gurobi.log"
Using license file /Users/danialriaz/gurobi.lic
Academic license - for non-commercial use only - expires 2025-04-17

Gurobi 11.0.1 (mac64[arm], gurobi_cl) logging started Tue Apr 23 18:03:41 2024

Set parameter Username
Set parameter LogFile to value "gurobi.log"
Using license file /Users/danialriaz/gurobi.lic
Academic license - for non-commercial use only - expires 2025-04-17

Gurobi 11.0.1 (mac64[arm], gurobi_cl) logging started Tue Apr 23 20:12:57 2024

Set parameter Username
Set parameter LogFile to value "gurobi.log"
Using license file /Users/danialriaz/gurobi.lic
Academic license - for non-commercial use only - expires 2025-04-17

Gurobi 11.0.1 (mac64[arm], gurobi_cl) logging started Tue Apr 23 20:12:59 2024

Set parameter Username
Set parameter LogFile to value "gurobi.log"
Using license file /Users/danialriaz/gurobi.lic
Academic license - for non-commercial use only - expires 2025-04-17

Gurobi 11.0.1 (mac64[arm], gurobi_cl) logging started Tue Apr 23 20:20:59 2024

Set parameter Username
Set parameter LogFile to value "gurobi.log"
Using license file /Users/danialriaz/gurobi.lic
Academic license - for non-commercial use only - expires 2025-04-17

Gurobi 11.0.1 (mac64[arm], gurobi_cl) logging started Tue Apr 23 20:21:01 2024

Set parameter Username
Set parameter LogFile to value "gurobi.log"
Using license file /Users/danialriaz/gurobi.lic
Academic license - for non-commercial use only - expires 2025-04-17

Gurobi 11.0.1 (mac64[arm], gurobi_cl) logging started Tue Apr 23 20:27:44 2024

Set parameter Username
Set parameter LogFile to value "gurobi.log"
Using license file /Users/danialriaz/gurobi.lic
Academic license - for non-commercial use only - expires 2025-04-17

Gurobi 11.0.1 (mac64[arm], gurobi_cl) logging started Tue Apr 23 20:27:45 2024

Set parameter Username
Set parameter LogFile to value "gurobi.log"
Using license file /Users/danialriaz/gurobi.lic
Academic license - for non-commercial use only - expires 2025-04-17

Gurobi 11.0.1 (mac64[arm], gurobi_cl) logging started Tue Apr 23 20:43:03 2024

Set parameter Username
Set parameter LogFile to value "gurobi.log"
Using license file /Users/danialriaz/gurobi.lic
Academic license - for non-commercial use only - expires 2025-04-17

Gurobi 11.0.1 (mac64[arm], gurobi_cl) logging started Tue Apr 23 20:43:05 2024

Set parameter Username
Set parameter LogFile to value "gurobi.log"
Using license file /Users/danialriaz/gurobi.lic
Academic license - for non-commercial use only - expires 2025-04-17

Gurobi 11.0.1 (mac64[arm], gurobi_cl) logging started Tue Apr 23 20:52:22 2024

Set parameter Username
Set parameter LogFile to value "gurobi.log"
Using license file /Users/danialriaz/gurobi.lic
Academic license - for non-commercial use only - expires 2025-04-17

Gurobi 11.0.1 (mac64[arm], gurobi_cl) logging started Tue Apr 23 20:52:24 2024

Set parameter Username
Set parameter LogFile to value "gurobi.log"
Using license file /Users/danialriaz/gurobi.lic
Academic license - for non-commercial use only - expires 2025-04-17

Gurobi 11.0.1 (mac64[arm], gurobi_cl) logging started Tue Apr 23 21:38:41 2024

Set parameter Username
Set parameter LogFile to value "gurobi.log"
Using license file /Users/danialriaz/gurobi.lic
Academic license - for non-commercial use only - expires 2025-04-17

Gurobi 11.0.1 (mac64[arm], gurobi_cl) logging started Tue Apr 23 21:38:43 2024

Set parameter Username
Set parameter LogFile to value "gurobi.log"
Using license file /Users/danialriaz/gurobi.lic
Academic license - for non-commercial use only - expires 2025-04-17

Gurobi 11.0.1 (mac64[arm], gurobi_cl) logging started Tue Apr 23 21:43:22 2024

Set parameter Username
Set parameter LogFile to value "gurobi.log"
Using license file /Users/danialriaz/gurobi.lic
Academic license - for non-commercial use only - expires 2025-04-17

Gurobi 11.0.1 (mac64[arm], gurobi_cl) logging started Tue Apr 23 21:43:24 2024

Set parameter Username
Set parameter LogFile to value "gurobi.log"
Using license file /Users/danialriaz/gurobi.lic
Academic license - for non-commercial use only - expires 2025-04-17

Gurobi 11.0.1 (mac64[arm], gurobi_cl) logging started Tue Apr 23 21:49:59 2024

Set parameter Username
Set parameter LogFile to value "gurobi.log"
Using license file /Users/danialriaz/gurobi.lic
Academic license - for non-commercial use only - expires 2025-04-17

Gurobi 11.0.1 (mac64[arm], gurobi_cl) logging started Tue Apr 23 21:50:01 2024

Set parameter Username
Set parameter LogFile to value "gurobi.log"
Using license file /Users/danialriaz/gurobi.lic
Academic license - for non-commercial use only - expires 2025-04-17

Gurobi 11.0.1 (mac64[arm], gurobi_cl) logging started Tue Apr 23 21:56:19 2024

Set parameter Username
Set parameter LogFile to value "gurobi.log"
Using license file /Users/danialriaz/gurobi.lic
Academic license - for non-commercial use only - expires 2025-04-17

Gurobi 11.0.1 (mac64[arm], gurobi_cl) logging started Tue Apr 23 21:56:22 2024

Set parameter Username
Set parameter LogFile to value "gurobi.log"
Using license file /Users/danialriaz/gurobi.lic
Academic license - for non-commercial use only - expires 2025-04-17

Gurobi 11.0.1 (mac64[arm], gurobi_cl) logging started Wed Apr 24 13:22:34 2024

Set parameter Username
Set parameter LogFile to value "gurobi.log"
Using license file /Users/danialriaz/gurobi.lic
Academic license - for non-commercial use only - expires 2025-04-17

Gurobi 11.0.1 (mac64[arm], gurobi_cl) logging started Wed Apr 24 13:23:48 2024

Set parameter Username
Set parameter LogFile to value "gurobi.log"
Using license file /Users/danialriaz/gurobi.lic
Academic license - for non-commercial use only - expires 2025-04-17

Gurobi 11.0.1 (mac64[arm], gurobi_cl) logging started Wed Apr 24 13:31:49 2024

Set parameter Username
Set parameter LogFile to value "gurobi.log"
Using license file /Users/danialriaz/gurobi.lic
Academic license - for non-commercial use only - expires 2025-04-17

Gurobi 11.0.1 (mac64[arm], gurobi_cl) logging started Wed Apr 24 13:31:51 2024

Set parameter Username
Set parameter LogFile to value "gurobi.log"
Using license file /Users/danialriaz/gurobi.lic
Academic license - for non-commercial use only - expires 2025-04-17

Gurobi 11.0.1 (mac64[arm], gurobi_cl) logging started Wed Apr 24 13:36:48 2024

Set parameter Username
Set parameter LogFile to value "gurobi.log"
Using license file /Users/danialriaz/gurobi.lic
Academic license - for non-commercial use only - expires 2025-04-17

Gurobi 11.0.1 (mac64[arm], gurobi_cl) logging started Wed Apr 24 13:36:51 2024

Set parameter Username
Set parameter LogFile to value "gurobi.log"
Using license file /Users/danialriaz/gurobi.lic
Academic license - for non-commercial use only - expires 2025-04-17

Gurobi 11.0.1 (mac64[arm], gurobi_cl) logging started Wed Apr 24 13:40:15 2024

Set parameter Username
Set parameter LogFile to value "gurobi.log"
Using license file /Users/danialriaz/gurobi.lic
Academic license - for non-commercial use only - expires 2025-04-17

Gurobi 11.0.1 (mac64[arm], gurobi_cl) logging started Wed Apr 24 13:40:17 2024

Set parameter Username
Set parameter LogFile to value "gurobi.log"
Using license file /Users/danialriaz/gurobi.lic
Academic license - for non-commercial use only - expires 2025-04-17

Gurobi 11.0.1 (mac64[arm], gurobi_cl) logging started Wed Apr 24 16:20:57 2024

Set parameter Username
Set parameter LogFile to value "gurobi.log"
Using license file /Users/danialriaz/gurobi.lic
Academic license - for non-commercial use only - expires 2025-04-17

Gurobi 11.0.1 (mac64[arm], gurobi_cl) logging started Wed Apr 24 16:38:43 2024

Set parameter Username
Set parameter LogFile to value "gurobi.log"
Using license file /Users/danialriaz/gurobi.lic
Academic license - for non-commercial use only - expires 2025-04-17

Gurobi 11.0.1 (mac64[arm], gurobi_cl) logging started Wed Apr 24 17:38:43 2024

Set parameter Username
Set parameter LogFile to value "gurobi.log"
Using license file /Users/danialriaz/gurobi.lic
Academic license - for non-commercial use only - expires 2025-04-17

Gurobi 11.0.1 (mac64[arm], gurobi_cl) logging started Wed Apr 24 18:22:06 2024

Set parameter Username
Set parameter LogFile to value "gurobi.log"
Using license file /Users/danialriaz/gurobi.lic
Academic license - for non-commercial use only - expires 2025-04-17

Gurobi 11.0.1 (mac64[arm], gurobi_cl) logging started Wed Apr 24 18:22:47 2024

Set parameter Username
Set parameter LogFile to value "gurobi.log"
Using license file /Users/danialriaz/gurobi.lic
Academic license - for non-commercial use only - expires 2025-04-17

Gurobi 11.0.1 (mac64[arm], gurobi_cl) logging started Wed Apr 24 18:23:01 2024

Set parameter Username
Set parameter LogFile to value "gurobi.log"
Using license file /Users/danialriaz/gurobi.lic
Academic license - for non-commercial use only - expires 2025-04-17

Gurobi 11.0.1 (mac64[arm], gurobi_cl) logging started Wed Apr 24 18:36:32 2024

Set parameter Username
Set parameter LogFile to value "gurobi.log"
Using license file /Users/danialriaz/gurobi.lic
Academic license - for non-commercial use only - expires 2025-04-17

Gurobi 11.0.1 (mac64[arm], gurobi_cl) logging started Wed Apr 24 19:27:51 2024

Set parameter Username
Set parameter LogFile to value "gurobi.log"
Using license file /Users/danialriaz/gurobi.lic
Academic license - for non-commercial use only - expires 2025-04-17

Gurobi 11.0.1 (mac64[arm], gurobi_cl) logging started Wed Apr 24 19:45:34 2024

Set parameter Username
Set parameter LogFile to value "gurobi.log"
Using license file /Users/danialriaz/gurobi.lic
Academic license - for non-commercial use only - expires 2025-04-17

Gurobi 11.0.1 (mac64[arm], gurobi_cl) logging started Wed Apr 24 20:04:52 2024

Set parameter Username
Set parameter LogFile to value "gurobi.log"
Using license file /Users/danialriaz/gurobi.lic
Academic license - for non-commercial use only - expires 2025-04-17

Gurobi 11.0.1 (mac64[arm], gurobi_cl) logging started Wed Apr 24 20:04:54 2024

Set parameter Username
Set parameter LogFile to value "gurobi.log"
Using license file /Users/danialriaz/gurobi.lic
Academic license - for non-commercial use only - expires 2025-04-17

Gurobi 11.0.1 (mac64[arm], gurobi_cl) logging started Wed Apr 24 22:30:03 2024

Set parameter Username
Set parameter LogFile to value "gurobi.log"
Using license file /Users/danialriaz/gurobi.lic
Academic license - for non-commercial use only - expires 2025-04-17

Gurobi 11.0.1 (mac64[arm], gurobi_cl) logging started Wed Apr 24 23:05:22 2024

Set parameter Username
Set parameter LogFile to value "gurobi.log"
Using license file /Users/danialriaz/gurobi.lic
Academic license - for non-commercial use only - expires 2025-04-17

Gurobi 11.0.1 (mac64[arm], gurobi_cl) logging started Wed Apr 24 23:54:14 2024

Set parameter Username
Set parameter LogFile to value "gurobi.log"
Using license file /Users/danialriaz/gurobi.lic
Academic license - for non-commercial use only - expires 2025-04-17

Gurobi 11.0.1 (mac64[arm], gurobi_cl) logging started Wed Apr 24 23:54:16 2024

Set parameter Username
Set parameter LogFile to value "gurobi.log"
Using license file /Users/danialriaz/gurobi.lic
Academic license - for non-commercial use only - expires 2025-04-17

Gurobi 11.0.1 (mac64[arm], gurobi_cl) logging started Thu Apr 25 17:07:46 2024

Set parameter Username
Set parameter LogFile to value "gurobi.log"
Using license file /Users/danialriaz/gurobi.lic
Academic license - for non-commercial use only - expires 2025-04-17

Gurobi 11.0.1 (mac64[arm], gurobi_cl) logging started Thu Apr 25 17:07:48 2024

Set parameter Username
Set parameter LogFile to value "gurobi.log"
Using license file /Users/danialriaz/gurobi.lic
Academic license - for non-commercial use only - expires 2025-04-17

Gurobi 11.0.1 (mac64[arm], gurobi_cl) logging started Thu Apr 25 17:39:33 2024

Set parameter Username
Set parameter LogFile to value "gurobi.log"
Using license file /Users/danialriaz/gurobi.lic
Academic license - for non-commercial use only - expires 2025-04-17

Gurobi 11.0.1 (mac64[arm], gurobi_cl) logging started Thu Apr 25 18:19:16 2024

Set parameter Username
Set parameter LogFile to value "gurobi.log"
Using license file /Users/danialriaz/gurobi.lic
Academic license - for non-commercial use only - expires 2025-04-17

Gurobi 11.0.1 (mac64[arm], gurobi_cl) logging started Thu Apr 25 18:30:22 2024

Set parameter Username
Set parameter LogFile to value "gurobi.log"
Using license file /Users/danialriaz/gurobi.lic
Academic license - for non-commercial use only - expires 2025-04-17

Gurobi 11.0.1 (mac64[arm], gurobi_cl) logging started Thu Apr 25 18:30:24 2024

Set parameter Username
Set parameter LogFile to value "gurobi.log"
Using license file /Users/danialriaz/gurobi.lic
Academic license - for non-commercial use only - expires 2025-04-17

Gurobi 11.0.1 (mac64[arm], gurobi_cl) logging started Thu Apr 25 18:39:02 2024

Set parameter Username
Set parameter LogFile to value "gurobi.log"
Using license file /Users/danialriaz/gurobi.lic
Academic license - for non-commercial use only - expires 2025-04-17

Gurobi 11.0.1 (mac64[arm], gurobi_cl) logging started Thu Apr 25 18:39:04 2024

Set parameter Username
Set parameter LogFile to value "gurobi.log"
Using license file /Users/danialriaz/gurobi.lic
Academic license - for non-commercial use only - expires 2025-04-17

Gurobi 11.0.1 (mac64[arm], gurobi_cl) logging started Thu Apr 25 18:47:57 2024

Set parameter Username
Set parameter LogFile to value "gurobi.log"
Using license file /Users/danialriaz/gurobi.lic
Academic license - for non-commercial use only - expires 2025-04-17

Gurobi 11.0.1 (mac64[arm], gurobi_cl) logging started Thu Apr 25 18:47:58 2024

Set parameter Username
Set parameter LogFile to value "gurobi.log"
Using license file /Users/danialriaz/gurobi.lic
Academic license - for non-commercial use only - expires 2025-04-17

Gurobi 11.0.1 (mac64[arm], gurobi_cl) logging started Thu Apr 25 19:08:40 2024

Set parameter Username
Set parameter LogFile to value "gurobi.log"
Using license file /Users/danialriaz/gurobi.lic
Academic license - for non-commercial use only - expires 2025-04-17

Gurobi 11.0.1 (mac64[arm], gurobi_cl) logging started Thu Apr 25 19:08:42 2024

Set parameter Username
Set parameter LogFile to value "gurobi.log"
Using license file /Users/danialriaz/gurobi.lic
Academic license - for non-commercial use only - expires 2025-04-17

Gurobi 11.0.1 (mac64[arm], gurobi_cl) logging started Mon Apr 29 09:14:06 2024

Set parameter Username
Set parameter LogFile to value "gurobi.log"
Using license file /Users/danialriaz/gurobi.lic
Academic license - for non-commercial use only - expires 2025-04-17

Gurobi 11.0.1 (mac64[arm], gurobi_cl) logging started Mon Apr 29 09:26:03 2024

Set parameter Username
Set parameter LogFile to value "gurobi.log"
Using license file /Users/danialriaz/gurobi.lic
Academic license - for non-commercial use only - expires 2025-04-17

Gurobi 11.0.1 (mac64[arm], gurobi_cl) logging started Mon Apr 29 09:36:05 2024

Set parameter Username
Set parameter LogFile to value "gurobi.log"
Using license file /Users/danialriaz/gurobi.lic
Academic license - for non-commercial use only - expires 2025-04-17

Gurobi 11.0.1 (mac64[arm], gurobi_cl) logging started Mon Apr 29 09:36:06 2024

Set parameter Username
Set parameter LogFile to value "gurobi.log"
Using license file /Users/danialriaz/gurobi.lic
Academic license - for non-commercial use only - expires 2025-04-17

Gurobi 11.0.1 (mac64[arm], gurobi_cl) logging started Mon Apr 29 09:39:14 2024

Set parameter Username
Set parameter LogFile to value "gurobi.log"
Using license file /Users/danialriaz/gurobi.lic
Academic license - for non-commercial use only - expires 2025-04-17

Gurobi 11.0.1 (mac64[arm], gurobi_cl) logging started Mon Apr 29 09:39:15 2024

Set parameter Username
Set parameter LogFile to value "gurobi.log"
Using license file /Users/danialriaz/gurobi.lic
Academic license - for non-commercial use only - expires 2025-04-17

Gurobi 11.0.1 (mac64[arm], gurobi_cl) logging started Mon Apr 29 09:42:38 2024

Set parameter Username
Set parameter LogFile to value "gurobi.log"
Using license file /Users/danialriaz/gurobi.lic
Academic license - for non-commercial use only - expires 2025-04-17

Gurobi 11.0.1 (mac64[arm], gurobi_cl) logging started Mon Apr 29 09:42:39 2024

Set parameter Username
Set parameter LogFile to value "gurobi.log"
Using license file /Users/danialriaz/gurobi.lic
Academic license - for non-commercial use only - expires 2025-04-17

Gurobi 11.0.1 (mac64[arm], gurobi_cl) logging started Mon Apr 29 09:56:13 2024

Set parameter Username
Set parameter LogFile to value "gurobi.log"
Using license file /Users/danialriaz/gurobi.lic
Academic license - for non-commercial use only - expires 2025-04-17

Gurobi 11.0.1 (mac64[arm], gurobi_cl) logging started Mon Apr 29 09:56:14 2024

Set parameter Username
Set parameter LogFile to value "gurobi.log"
Using license file /Users/danialriaz/gurobi.lic
Academic license - for non-commercial use only - expires 2025-04-17

Gurobi 11.0.1 (mac64[arm], gurobi_cl) logging started Mon Apr 29 09:59:32 2024

Set parameter Username
Set parameter LogFile to value "gurobi.log"
Using license file /Users/danialriaz/gurobi.lic
Academic license - for non-commercial use only - expires 2025-04-17

Gurobi 11.0.1 (mac64[arm], gurobi_cl) logging started Mon Apr 29 09:59:33 2024

Set parameter Username
Set parameter LogFile to value "gurobi.log"
Using license file /Users/danialriaz/gurobi.lic
Academic license - for non-commercial use only - expires 2025-04-17

Gurobi 11.0.1 (mac64[arm], gurobi_cl) logging started Mon Apr 29 10:11:24 2024

Set parameter Username
Set parameter LogFile to value "gurobi.log"
Using license file /Users/danialriaz/gurobi.lic
Academic license - for non-commercial use only - expires 2025-04-17

Gurobi 11.0.1 (mac64[arm], gurobi_cl) logging started Mon Apr 29 10:12:32 2024

Set parameter Username
Set parameter LogFile to value "gurobi.log"
Using license file /Users/danialriaz/gurobi.lic
Academic license - for non-commercial use only - expires 2025-04-17

Gurobi 11.0.1 (mac64[arm], gurobi_cl) logging started Mon Apr 29 10:40:19 2024

Set parameter Username
Set parameter LogFile to value "gurobi.log"
Using license file /Users/danialriaz/gurobi.lic
Academic license - for non-commercial use only - expires 2025-04-17

Gurobi 11.0.1 (mac64[arm], gurobi_cl) logging started Mon Apr 29 10:40:21 2024

Set parameter Username
Set parameter LogFile to value "gurobi.log"
Using license file /Users/danialriaz/gurobi.lic
Academic license - for non-commercial use only - expires 2025-04-17

Gurobi 11.0.1 (mac64[arm], gurobi_cl) logging started Mon Apr 29 10:45:12 2024

Set parameter Username
Set parameter LogFile to value "gurobi.log"
Using license file /Users/danialriaz/gurobi.lic
Academic license - for non-commercial use only - expires 2025-04-17

Gurobi 11.0.1 (mac64[arm], gurobi_cl) logging started Mon Apr 29 10:45:14 2024

Set parameter Username
Set parameter LogFile to value "gurobi.log"
Using license file /Users/danialriaz/gurobi.lic
Academic license - for non-commercial use only - expires 2025-04-17

Gurobi 11.0.1 (mac64[arm], gurobi_cl) logging started Mon Apr 29 10:54:01 2024

Set parameter Username
Set parameter LogFile to value "gurobi.log"
Using license file /Users/danialriaz/gurobi.lic
Academic license - for non-commercial use only - expires 2025-04-17

Gurobi 11.0.1 (mac64[arm], gurobi_cl) logging started Mon Apr 29 10:54:03 2024

Set parameter Username
Set parameter LogFile to value "gurobi.log"
Using license file /Users/danialriaz/gurobi.lic
Academic license - for non-commercial use only - expires 2025-04-17

Gurobi 11.0.1 (mac64[arm], gurobi_cl) logging started Mon Apr 29 11:02:15 2024

Set parameter Username
Set parameter LogFile to value "gurobi.log"
Using license file /Users/danialriaz/gurobi.lic
Academic license - for non-commercial use only - expires 2025-04-17

Gurobi 11.0.1 (mac64[arm], gurobi_cl) logging started Mon Apr 29 11:02:16 2024

Set parameter Username
Set parameter LogFile to value "gurobi.log"
Using license file /Users/danialriaz/gurobi.lic
Academic license - for non-commercial use only - expires 2025-04-17

Gurobi 11.0.1 (mac64[arm], gurobi_cl) logging started Mon Apr 29 11:07:15 2024

Set parameter Username
Set parameter LogFile to value "gurobi.log"
Using license file /Users/danialriaz/gurobi.lic
Academic license - for non-commercial use only - expires 2025-04-17

Gurobi 11.0.1 (mac64[arm], gurobi_cl) logging started Mon Apr 29 11:07:16 2024

Set parameter Username
Set parameter LogFile to value "gurobi.log"
Using license file /Users/danialriaz/gurobi.lic
Academic license - for non-commercial use only - expires 2025-04-17

Gurobi 11.0.1 (mac64[arm], gurobi_cl) logging started Mon Apr 29 11:28:08 2024

Set parameter Username
Set parameter LogFile to value "gurobi.log"
Using license file /Users/danialriaz/gurobi.lic
Academic license - for non-commercial use only - expires 2025-04-17

Gurobi 11.0.1 (mac64[arm], gurobi_cl) logging started Mon Apr 29 11:29:32 2024

Set parameter Username
Set parameter LogFile to value "gurobi.log"
Using license file /Users/danialriaz/gurobi.lic
Academic license - for non-commercial use only - expires 2025-04-17

Gurobi 11.0.1 (mac64[arm], gurobi_cl) logging started Mon Apr 29 11:36:53 2024

Set parameter Username
Set parameter LogFile to value "gurobi.log"
Using license file /Users/danialriaz/gurobi.lic
Academic license - for non-commercial use only - expires 2025-04-17

Gurobi 11.0.1 (mac64[arm], gurobi_cl) logging started Mon Apr 29 11:36:55 2024

Set parameter Username
Set parameter LogFile to value "gurobi.log"
Using license file /Users/danialriaz/gurobi.lic
Academic license - for non-commercial use only - expires 2025-04-17

Gurobi 11.0.1 (mac64[arm], gurobi_cl) logging started Mon Apr 29 11:43:07 2024

Set parameter Username
Set parameter LogFile to value "gurobi.log"
Using license file /Users/danialriaz/gurobi.lic
Academic license - for non-commercial use only - expires 2025-04-17

Gurobi 11.0.1 (mac64[arm], gurobi_cl) logging started Mon Apr 29 11:43:09 2024

Set parameter Username
Set parameter LogFile to value "gurobi.log"
Using license file /Users/danialriaz/gurobi.lic
Academic license - for non-commercial use only - expires 2025-04-17

Gurobi 11.0.1 (mac64[arm], gurobi_cl) logging started Mon Apr 29 11:51:45 2024

Set parameter Username
Set parameter LogFile to value "gurobi.log"
Using license file /Users/danialriaz/gurobi.lic
Academic license - for non-commercial use only - expires 2025-04-17

Gurobi 11.0.1 (mac64[arm], gurobi_cl) logging started Mon Apr 29 11:51:47 2024

Set parameter Username
Set parameter LogFile to value "gurobi.log"
Using license file /Users/danialriaz/gurobi.lic
Academic license - for non-commercial use only - expires 2025-04-17

Gurobi 11.0.1 (mac64[arm], gurobi_cl) logging started Mon Apr 29 11:55:45 2024

Set parameter Username
Set parameter LogFile to value "gurobi.log"
Using license file /Users/danialriaz/gurobi.lic
Academic license - for non-commercial use only - expires 2025-04-17

Gurobi 11.0.1 (mac64[arm], gurobi_cl) logging started Mon Apr 29 11:55:47 2024

Set parameter Username
Set parameter LogFile to value "gurobi.log"
Using license file /Users/danialriaz/gurobi.lic
Academic license - for non-commercial use only - expires 2025-04-17

Gurobi 11.0.1 (mac64[arm], gurobi_cl) logging started Mon Apr 29 12:12:56 2024

Set parameter Username
Set parameter LogFile to value "gurobi.log"
Using license file /Users/danialriaz/gurobi.lic
Academic license - for non-commercial use only - expires 2025-04-17

Gurobi 11.0.1 (mac64[arm], gurobi_cl) logging started Mon Apr 29 12:33:45 2024

Set parameter Username
Set parameter LogFile to value "gurobi.log"
Using license file /Users/danialriaz/gurobi.lic
Academic license - for non-commercial use only - expires 2025-04-17

Gurobi 11.0.1 (mac64[arm], gurobi_cl) logging started Mon Apr 29 12:45:42 2024

Set parameter Username
Set parameter LogFile to value "gurobi.log"
Using license file /Users/danialriaz/gurobi.lic
Academic license - for non-commercial use only - expires 2025-04-17

Gurobi 11.0.1 (mac64[arm], gurobi_cl) logging started Mon Apr 29 12:45:44 2024

Set parameter Username
Set parameter LogFile to value "gurobi.log"
Using license file /Users/danialriaz/gurobi.lic
Academic license - for non-commercial use only - expires 2025-04-17

Gurobi 11.0.1 (mac64[arm], gurobi_cl) logging started Mon Apr 29 12:55:08 2024

Set parameter Username
Set parameter LogFile to value "gurobi.log"
Using license file /Users/danialriaz/gurobi.lic
Academic license - for non-commercial use only - expires 2025-04-17

Gurobi 11.0.1 (mac64[arm], gurobi_cl) logging started Mon Apr 29 12:55:10 2024

Set parameter Username
Set parameter LogFile to value "gurobi.log"
Using license file /Users/danialriaz/gurobi.lic
Academic license - for non-commercial use only - expires 2025-04-17

Gurobi 11.0.1 (mac64[arm], gurobi_cl) logging started Mon Apr 29 12:59:35 2024

Set parameter Username
Set parameter LogFile to value "gurobi.log"
Using license file /Users/danialriaz/gurobi.lic
Academic license - for non-commercial use only - expires 2025-04-17

Gurobi 11.0.1 (mac64[arm], gurobi_cl) logging started Mon Apr 29 12:59:37 2024

Set parameter Username
Set parameter LogFile to value "gurobi.log"
Using license file /Users/danialriaz/gurobi.lic
Academic license - for non-commercial use only - expires 2025-04-17

Gurobi 11.0.1 (mac64[arm], gurobi_cl) logging started Mon Apr 29 13:04:15 2024

Set parameter Username
Set parameter LogFile to value "gurobi.log"
Using license file /Users/danialriaz/gurobi.lic
Academic license - for non-commercial use only - expires 2025-04-17

Gurobi 11.0.1 (mac64[arm], gurobi_cl) logging started Mon Apr 29 13:04:17 2024

Set parameter Username
Set parameter LogFile to value "gurobi.log"
Using license file /Users/danialriaz/gurobi.lic
Academic license - for non-commercial use only - expires 2025-04-17

Gurobi 11.0.1 (mac64[arm], gurobi_cl) logging started Mon Apr 29 13:15:04 2024

Set parameter Username
Set parameter LogFile to value "gurobi.log"
Using license file /Users/danialriaz/gurobi.lic
Academic license - for non-commercial use only - expires 2025-04-17

Gurobi 11.0.1 (mac64[arm], gurobi_cl) logging started Mon Apr 29 13:15:05 2024

Set parameter Username
Set parameter LogFile to value "gurobi.log"
Using license file /Users/danialriaz/gurobi.lic
Academic license - for non-commercial use only - expires 2025-04-17

Gurobi 11.0.1 (mac64[arm], gurobi_cl) logging started Mon Apr 29 13:19:15 2024

Set parameter Username
Set parameter LogFile to value "gurobi.log"
Using license file /Users/danialriaz/gurobi.lic
Academic license - for non-commercial use only - expires 2025-04-17

Gurobi 11.0.1 (mac64[arm], gurobi_cl) logging started Mon Apr 29 13:19:17 2024

Set parameter Username
Set parameter LogFile to value "gurobi.log"
Using license file /Users/danialriaz/gurobi.lic
Academic license - for non-commercial use only - expires 2025-04-17

Gurobi 11.0.1 (mac64[arm], gurobi_cl) logging started Mon Apr 29 18:00:29 2024

Set parameter Username
Set parameter LogFile to value "gurobi.log"
Using license file /Users/danialriaz/gurobi.lic
Academic license - for non-commercial use only - expires 2025-04-17

Gurobi 11.0.1 (mac64[arm], gurobi_cl) logging started Mon Apr 29 18:06:59 2024

Set parameter Username
Set parameter LogFile to value "gurobi.log"
Using license file /Users/danialriaz/gurobi.lic
Academic license - for non-commercial use only - expires 2025-04-17

Gurobi 11.0.1 (mac64[arm], gurobi_cl) logging started Mon Apr 29 18:19:16 2024

Set parameter Username
Set parameter LogFile to value "gurobi.log"
Using license file /Users/danialriaz/gurobi.lic
Academic license - for non-commercial use only - expires 2025-04-17

Gurobi 11.0.1 (mac64[arm], gurobi_cl) logging started Mon Apr 29 18:30:14 2024

Set parameter Username
Set parameter LogFile to value "gurobi.log"
Using license file /Users/danialriaz/gurobi.lic
Academic license - for non-commercial use only - expires 2025-04-17

Gurobi 11.0.1 (mac64[arm], gurobi_cl) logging started Mon Apr 29 18:30:16 2024

Set parameter Username
Set parameter LogFile to value "gurobi.log"
Using license file /Users/danialriaz/gurobi.lic
Academic license - for non-commercial use only - expires 2025-04-17

Gurobi 11.0.1 (mac64[arm], gurobi_cl) logging started Mon Apr 29 18:33:34 2024

Set parameter Username
Set parameter LogFile to value "gurobi.log"
Using license file /Users/danialriaz/gurobi.lic
Academic license - for non-commercial use only - expires 2025-04-17

Gurobi 11.0.1 (mac64[arm], gurobi_cl) logging started Mon Apr 29 18:33:36 2024

Set parameter Username
Set parameter LogFile to value "gurobi.log"
Using license file /Users/danialriaz/gurobi.lic
Academic license - for non-commercial use only - expires 2025-04-17

Gurobi 11.0.1 (mac64[arm], gurobi_cl) logging started Mon Apr 29 18:38:10 2024

Set parameter Username
Set parameter LogFile to value "gurobi.log"
Using license file /Users/danialriaz/gurobi.lic
Academic license - for non-commercial use only - expires 2025-04-17

Gurobi 11.0.1 (mac64[arm], gurobi_cl) logging started Mon Apr 29 18:38:12 2024

Set parameter Username
Set parameter LogFile to value "gurobi.log"
Using license file /Users/danialriaz/gurobi.lic
Academic license - for non-commercial use only - expires 2025-04-17

Gurobi 11.0.1 (mac64[arm], gurobi_cl) logging started Mon Apr 29 18:43:43 2024

Set parameter Username
Set parameter LogFile to value "gurobi.log"
Using license file /Users/danialriaz/gurobi.lic
Academic license - for non-commercial use only - expires 2025-04-17

Gurobi 11.0.1 (mac64[arm], gurobi_cl) logging started Mon Apr 29 18:43:44 2024

Set parameter Username
Set parameter LogFile to value "gurobi.log"
Using license file /Users/danialriaz/gurobi.lic
Academic license - for non-commercial use only - expires 2025-04-17

Gurobi 11.0.1 (mac64[arm], gurobi_cl) logging started Mon Apr 29 18:49:34 2024

Set parameter Username
Set parameter LogFile to value "gurobi.log"
Using license file /Users/danialriaz/gurobi.lic
Academic license - for non-commercial use only - expires 2025-04-17

Gurobi 11.0.1 (mac64[arm], gurobi_cl) logging started Mon Apr 29 18:49:36 2024

Set parameter Username
Set parameter LogFile to value "gurobi.log"
Using license file /Users/danialriaz/gurobi.lic
Academic license - for non-commercial use only - expires 2025-04-17

Gurobi 11.0.1 (mac64[arm], gurobi_cl) logging started Mon Apr 29 19:11:26 2024

Set parameter Username
Set parameter LogFile to value "gurobi.log"
Using license file /Users/danialriaz/gurobi.lic
Academic license - for non-commercial use only - expires 2025-04-17

Gurobi 11.0.1 (mac64[arm], gurobi_cl) logging started Mon Apr 29 19:11:27 2024

Set parameter Username
Set parameter LogFile to value "gurobi.log"
Using license file /Users/danialriaz/gurobi.lic
Academic license - for non-commercial use only - expires 2025-04-17

Gurobi 11.0.1 (mac64[arm], gurobi_cl) logging started Mon Apr 29 19:17:10 2024

Set parameter Username
Set parameter LogFile to value "gurobi.log"
Using license file /Users/danialriaz/gurobi.lic
Academic license - for non-commercial use only - expires 2025-04-17

Gurobi 11.0.1 (mac64[arm], gurobi_cl) logging started Mon Apr 29 19:17:12 2024

Set parameter Username
Set parameter LogFile to value "gurobi.log"
Using license file /Users/danialriaz/gurobi.lic
Academic license - for non-commercial use only - expires 2025-04-17
